================================================================================
Marshak Wave Problem - Multigroup IMC (10 Groups) with Power-Law Opacity
================================================================================
Material properties:
  Opacity: sigma_a(T,E) = 10.0 * rho * T^(-1/2) * E^(-3)
  Group opacity: geometric mean at group boundaries
  Density: rho = 0.01 g/cm^3
  Heat capacity: c_v = 0.05 GJ/(g keV)  (volumetric: 5.000000e-04 GJ/(cm^3 keV))
  Left BC: blackbody source
  Right BC: cold incoming at T_init (approximately vacuum)
  Scalar-intensity Tr estimator: True

Energy group edges (keV): [1.00000000e-04 3.16227766e-04 1.00000000e-03 3.16227766e-03
 1.00000000e-02 3.16227766e-02 1.00000000e-01 3.16227766e-01
 1.00000000e+00 3.16227766e+00 1.00000000e+01]
Emission fractions at T = 0.050 keV:
  Group  0 [  0.0001,   0.0003] keV: chi = 0.000000, sigma_a = 7.953e+10 cm^-1
  Group  1 [  0.0003,   0.0010] keV: chi = 0.000000, sigma_a = 2.515e+09 cm^-1
  Group  2 [  0.0010,   0.0032] keV: chi = 0.000012, sigma_a = 7.953e+07 cm^-1
  Group  3 [  0.0032,   0.0100] keV: chi = 0.000368, sigma_a = 2.515e+06 cm^-1
  Group  4 [  0.0100,   0.0316] keV: chi = 0.009784, sigma_a = 7.953e+04 cm^-1
  Group  5 [  0.0316,   0.1000] keV: chi = 0.170980, sigma_a = 2.515e+03 cm^-1
  Group  6 [  0.1000,   0.3162] keV: chi = 0.703739, sigma_a = 7.953e+01 cm^-1
  Group  7 [  0.3162,   1.0000] keV: chi = 0.115113, sigma_a = 2.515e+00 cm^-1
  Group  8 [  1.0000,   3.1623] keV: chi = 0.000003, sigma_a = 7.953e-02 cm^-1
  Group  9 [  3.1623,  10.0000] keV: chi = 0.000000, sigma_a = 2.515e-03 cm^-1
Saved: imc_opacity_vs_energy_Tb.png

Running IMC simulation...
  Domain: [0.0, 7.0] cm with 140 cells
  dt: 0.01 ns, final_time: 10.0 ns
  Grid: uniform
  Mode: publication
  Particles: Ntarget=500000, Nboundary=500000
  Nmax: 2000000 -> 20000000 (growth 100000/step)
  Checkpoint cadence: every 10 steps
  Expected left-boundary emission per step (scientific notation):
    t=0.00 ns: T_bc=0.0500 keV -> E_step=6.426963e-09 GJ
    t=0.05 ns: T_bc=0.0520 keV -> E_step=7.518637e-09 GJ
    t=0.10 ns: T_bc=0.0540 keV -> E_step=8.743812e-09 GJ
    t=1.00 ns: T_bc=0.0900 keV -> E_step=6.746768e-08 GJ
    t=5.00 ns: T_bc=0.2500 keV -> E_step=4.016852e-06 GJ
[MG_IMC2D] Loading Numba JIT cache ...
[MG_IMC2D] JIT cache loaded in 0.0 s
Time	N	Total Energy	Total Internal Energy	Total Radiation Energy	Boundary Emission	Boundary Outgoing	Source Emission	Residual
==============================================================================================================================================================
0.000000e+00	500000	1.750006e-05	1.750000e-05	6.002500e-11	0.000000e+00	0.000000e+00	0.000000e+00	0.000000e+00
  Step      t (ns)    dt (ns)     N_par    E_mat (GJ)    E_rad (GJ)   wall/step (s)    ETA (s)
-----------------------------------------------------------------------------------------------
[MG_IMC2D] Using 64 threads for transport
     1     0.01000    0.01000   2000831    1.7502e-05    1.4431e-09          82.319    82236.5
     2     0.02000    0.01000   2099923    1.7504e-05    2.0361e-09          13.055    47591.4
     3     0.03000    0.01000   2200610    1.7506e-05    2.5168e-09          11.774    35608.5
     4     0.04000    0.01000   2300712    1.7508e-05    2.9537e-09          10.996    29447.1
     5     0.05000    0.01000   2401300    1.7510e-05    3.3720e-09          10.507    25601.3
5.000000e-02	2401300	1.751347e-05	1.751010e-05	3.371965e-09	7.290593e-09	4.609197e-09	0.000000e+00	1.939174e-12
     6     0.06000    0.01000   2501010    1.7512e-05    3.7778e-09          10.206    23003.7
     7     0.07000    0.01000   2600393    1.7515e-05    4.1751e-09          10.038    21121.6
     8     0.08000    0.01000   2699762    1.7517e-05    4.5676e-09           9.929    19694.0
     9     0.09000    0.01000   2800058    1.7520e-05    4.9623e-09           9.948    18583.5
    10     0.10000    0.01000   2900785    1.7523e-05    5.3703e-09           9.878    17686.2
1.000000e-01	2900785	1.752793e-05	1.752256e-05	5.370336e-09	8.488243e-09	5.440876e-09	0.000000e+00	1.402906e-12
Saved checkpoint: marshak_wave_multigroup_powerlaw_imc_10g_checkpoint.pkl (step=10, t=0.100000 ns)
    11     0.11000    0.01000   3000287    1.7525e-05    5.7797e-09          10.088    16969.2
    12     0.12000    0.01000   3099793    1.7528e-05    6.1942e-09           9.898    16370.9
    13     0.13000    0.01000   3200876    1.7531e-05    6.6257e-09           9.951    15836.5
    14     0.14000    0.01000   3300494    1.7534e-05    7.0791e-09           9.971    15392.7
    15     0.15000    0.01000   3401092    1.7537e-05    7.5178e-09          10.048    15011.7
1.500000e-01	3401092	1.754450e-05	1.753698e-05	7.517802e-09	9.827732e-09	6.346242e-09	0.000000e+00	2.228246e-12
    16     0.16000    0.01000   3500699    1.7540e-05    7.9869e-09          10.083    14679.3
    17     0.17000    0.01000   3599544    1.7543e-05    8.4650e-09          10.154    14388.9
    18     0.18000    0.01000   3700836    1.7547e-05    8.9502e-09          10.251    14135.0
    19     0.19000    0.01000   3800796    1.7550e-05    9.4637e-09          10.326    13910.5
    20     0.20000    0.01000   3900024    1.7554e-05    9.9951e-09          10.332    13707.8
2.000000e-01	3900024	1.756352e-05	1.755352e-05	9.995110e-09	1.131984e-08	7.302235e-09	0.000000e+00	-2.590429e-13
Saved checkpoint: marshak_wave_multigroup_powerlaw_imc_10g_checkpoint.pkl (step=20, t=0.200000 ns)
    21     0.21000    0.01000   3999983    1.7557e-05    1.0542e-08          11.233    13565.4
    22     0.22000    0.01000   4101357    1.7561e-05    1.1099e-08          10.684    13410.5
    23     0.23000    0.01000   4199488    1.7565e-05    1.1667e-08          10.761    13271.5
    24     0.24000    0.01000   4300908    1.7568e-05    1.2263e-08          10.833    13146.0
    25     0.25000    0.01000   4400481    1.7572e-05    1.2873e-08          10.887    13031.8
2.500000e-01	4400481	1.758524e-05	1.757236e-05	1.287339e-08	1.297574e-08	8.405943e-09	0.000000e+00	9.557132e-13
    26     0.26000    0.01000   4501102    1.7576e-05    1.3505e-08          10.996    12929.7
    27     0.27000    0.01000   4600494    1.7581e-05    1.4156e-08          11.071    12837.0
    28     0.28000    0.01000   4699926    1.7585e-05    1.4832e-08          11.048    12749.4
    29     0.29000    0.01000   4800559    1.7589e-05    1.5541e-08          11.140    12670.1
    30     0.30000    0.01000   4899851    1.7594e-05    1.6252e-08          11.233    12598.3
3.000000e-01	4899851	1.760994e-05	1.759369e-05	1.625214e-08	1.480701e-08	9.623419e-09	0.000000e+00	-1.129946e-12
Saved checkpoint: marshak_wave_multigroup_powerlaw_imc_10g_checkpoint.pkl (step=30, t=0.300000 ns)
    31     0.31000    0.01000   4999663    1.7598e-05    1.7018e-08          11.652    12543.6
    32     0.32000    0.01000   5100203    1.7603e-05    1.7790e-08          11.366    12482.9
    33     0.33000    0.01000   5201370    1.7608e-05    1.8584e-08          11.441    12427.3
    34     0.34000    0.01000   5300271    1.7613e-05    1.9426e-08          11.471    12375.3
    35     0.35000    0.01000   5399651    1.7618e-05    2.0276e-08          11.510    12326.6
3.500000e-01	5399651	1.763798e-05	1.761770e-05	2.027643e-08	1.682561e-08	1.094596e-08	0.000000e+00	-2.121522e-12
    36     0.36000    0.01000   5501057    1.7623e-05    2.1172e-08          11.668    12284.2
    37     0.37000    0.01000   5600883    1.7628e-05    2.2085e-08          11.678    12243.7
    38     0.38000    0.01000   5700883    1.7634e-05    2.3023e-08          11.731    12206.1
    39     0.39000    0.01000   5800845    1.7639e-05    2.4024e-08          11.831    12172.3
    40     0.40000    0.01000   5901145    1.7645e-05    2.5023e-08          11.952    12142.5
4.000000e-01	5901145	1.766970e-05	1.764468e-05	2.502309e-08	1.904389e-08	1.239932e-08	0.000000e+00	3.854318e-12
Saved checkpoint: marshak_wave_multigroup_powerlaw_imc_10g_checkpoint.pkl (step=40, t=0.400000 ns)
    41     0.41000    0.01000   6001640    1.7650e-05    2.6073e-08          12.539    12127.3
    42     0.42000    0.01000   6100063    1.7656e-05    2.7132e-08          12.109    12102.4
    43     0.43000    0.01000   6199765    1.7662e-05    2.8257e-08          12.047    12076.7
    44     0.44000    0.01000   6300220    1.7669e-05    2.9392e-08          12.122    12053.3
    45     0.45000    0.01000   6399723    1.7675e-05    3.0556e-08          12.125    12030.4
4.500000e-01	6399723	1.770548e-05	1.767492e-05	3.055580e-08	2.147462e-08	1.395227e-08	0.000000e+00	-2.477602e-12
    46     0.46000    0.01000   6501033    1.7681e-05    3.1812e-08          12.228    12010.2
    47     0.47000    0.01000   6600490    1.7688e-05    3.3062e-08          12.189    11989.5
    48     0.48000    0.01000   6699983    1.7695e-05    3.4403e-08          12.243    11970.2
    49     0.49000    0.01000   6799339    1.7702e-05    3.5719e-08          12.289    11952.1
    50     0.50000    0.01000   6900501    1.7709e-05    3.7105e-08          12.311    11934.7
5.000000e-01	6900501	1.774616e-05	1.770905e-05	3.710451e-08	2.413094e-08	1.557625e-08	0.000000e+00	1.298207e-12
Saved checkpoint: marshak_wave_multigroup_powerlaw_imc_10g_checkpoint.pkl (step=50, t=0.500000 ns)
    51     0.51000    0.01000   7000617    1.7716e-05    3.8543e-08          12.942    11929.1
    52     0.52000    0.01000   7100167    1.7724e-05    3.9984e-08          12.379    11913.1
    53     0.53000    0.01000   7200547    1.7732e-05    4.1529e-08          12.383    11897.2
    54     0.54000    0.01000   7300393    1.7739e-05    4.3058e-08          12.527    11884.0
    55     0.55000    0.01000   7400320    1.7748e-05    4.4660e-08          12.486    11870.2
5.500000e-01	7400320	1.779221e-05	1.774755e-05	4.466017e-08	2.702640e-08	1.737041e-08	0.000000e+00	2.918624e-13
    56     0.56000    0.01000   7501201    1.7756e-05    4.6311e-08          12.527    11857.0
    57     0.57000    0.01000   7600431    1.7764e-05    4.8004e-08          12.569    11844.6
    58     0.58000    0.01000   7700369    1.7773e-05    4.9692e-08          12.618    11833.0
    59     0.59000    0.01000   7800767    1.7782e-05    5.1506e-08          12.616    11821.3
    60     0.60000    0.01000   7900402    1.7791e-05    5.3362e-08          12.620    11809.6
6.000000e-01	7900402	1.784416e-05	1.779080e-05	5.336205e-08	3.017493e-08	1.927990e-08	0.000000e+00	8.785705e-13
Saved checkpoint: marshak_wave_multigroup_powerlaw_imc_10g_checkpoint.pkl (step=60, t=0.600000 ns)
    61     0.61000    0.01000   8000646    1.7800e-05    5.5226e-08          13.368    11809.5
    62     0.62000    0.01000   8099332    1.7810e-05    5.7188e-08          12.758    11799.6
    63     0.63000    0.01000   8201191    1.7819e-05    5.9144e-08          12.776    11790.0
    64     0.64000    0.01000   8301192    1.7829e-05    6.1213e-08          12.782    11780.3
    65     0.65000    0.01000   8398680    1.7839e-05    6.3322e-08          12.818    11771.0
6.500000e-01	8398680	1.790256e-05	1.783924e-05	6.332227e-08	3.359087e-08	2.135660e-08	0.000000e+00	-1.210316e-11
    66     0.66000    0.01000   8501431    1.7850e-05    6.5446e-08          12.882    11762.6
    67     0.67000    0.01000   8599972    1.7860e-05    6.7681e-08          12.986    11755.5
    68     0.68000    0.01000   8700777    1.7871e-05    6.9946e-08          13.078    11749.4
    69     0.69000    0.01000   8800295    1.7882e-05    7.2263e-08          13.070    11743.1
    70     0.70000    0.01000   8901250    1.7893e-05    7.4613e-08          13.145    11737.5
7.000000e-01	8901250	1.796793e-05	1.789332e-05	7.461292e-08	3.728895e-08	2.364636e-08	0.000000e+00	7.953460e-12
Saved checkpoint: marshak_wave_multigroup_powerlaw_imc_10g_checkpoint.pkl (step=70, t=0.700000 ns)
    71     0.71000    0.01000   9000407    1.7905e-05    7.7101e-08          13.951    11742.3
    72     0.72000    0.01000   9100698    1.7917e-05    7.9531e-08          13.259    11737.7
    73     0.73000    0.01000   9200484    1.7929e-05    8.2065e-08          13.256    11732.7
    74     0.74000    0.01000   9300092    1.7941e-05    8.4704e-08          13.333    11728.5
    75     0.75000    0.01000   9400121    1.7954e-05    8.7368e-08          13.367    11724.5
7.500000e-01	9400121	1.804102e-05	1.795365e-05	8.736777e-08	4.128429e-08	2.602470e-08	0.000000e+00	-1.713891e-12
    76     0.76000    0.01000   9499422    1.7966e-05    9.0118e-08          13.422    11720.9
    77     0.77000    0.01000   9599457    1.7980e-05    9.2908e-08          13.448    11717.4
    78     0.78000    0.01000   9701563    1.7993e-05    9.5782e-08          13.464    11713.8
    79     0.79000    0.01000   9799327    1.8007e-05    9.8776e-08          13.531    11710.7
    80     0.80000    0.01000   9902119    1.8021e-05    1.0178e-07          13.575    11707.9
8.000000e-01	9902119	1.812230e-05	1.802052e-05	1.017807e-07	4.559241e-08	2.868257e-08	0.000000e+00	1.855762e-11
Saved checkpoint: marshak_wave_multigroup_powerlaw_imc_10g_checkpoint.pkl (step=80, t=0.800000 ns)
    81     0.81000    0.01000   9999995    1.8035e-05    1.0487e-07          14.534    11715.7
    82     0.82000    0.01000  10099213    1.8049e-05    1.0805e-07         104.338    12728.3
    83     0.83000    0.01000  10200102    1.8064e-05    1.1137e-07         105.610    13728.0
    84     0.84000    0.01000  10300805    1.8079e-05    1.1467e-07         105.229    14697.3
    85     0.85000    0.01000  10400759    1.8094e-05    1.1811e-07         105.175    15640.7
8.500000e-01	10400759	1.821229e-05	1.809418e-05	1.181115e-07	5.022922e-08	3.146602e-08	0.000000e+00	4.993019e-12
    86     0.86000    0.01000  10499906    1.8110e-05    1.2152e-07         104.958    16557.4
    87     0.87000    0.01000  10601059    1.8126e-05    1.2506e-07         105.180    17453.0
    88     0.88000    0.01000  10699944    1.8142e-05    1.2868e-07         104.512    18318.9
    89     0.89000    0.01000  10802183    1.8159e-05    1.3229e-07         104.047    19158.2
    90     0.90000    0.01000  10899834    1.8176e-05    1.3610e-07         103.743    19973.5
9.000000e-01	10899834	1.831168e-05	1.817559e-05	1.360979e-07	5.521103e-08	3.449409e-08	0.000000e+00	-6.170732e-12
Saved checkpoint: marshak_wave_multigroup_powerlaw_imc_10g_checkpoint.pkl (step=90, t=0.900000 ns)
    91     0.91000    0.01000  10999424    1.8193e-05    1.4001e-07         105.233    20783.5
    92     0.92000    0.01000  11100451    1.8210e-05    1.4394e-07         103.942    21560.8
    93     0.93000    0.01000  11200473    1.8228e-05    1.4803e-07         103.530    22315.2
    94     0.94000    0.01000  11298873    1.8246e-05    1.5213e-07         103.309    23049.2
    95     0.95000    0.01000  11399884    1.8265e-05    1.5636e-07         103.320    23765.6
9.500000e-01	11399884	1.842135e-05	1.826499e-05	1.563554e-07	6.055455e-08	3.777841e-08	0.000000e+00	-6.102491e-12
    96     0.96000    0.01000  11501078    1.8284e-05    1.6060e-07         102.543    24457.7
    97     0.97000    0.01000  11599758    1.8303e-05    1.6494e-07         102.717    25135.0
    98     0.98000    0.01000  11700740    1.8323e-05    1.6939e-07         102.121    25790.9
    99     0.99000    0.01000  11800846    1.8343e-05    1.7393e-07         102.142    26431.7
   100     1.00000    0.01000  11899942    1.8363e-05    1.7866e-07         102.095    27057.2
1.000000e+00	11899942	1.854177e-05	1.836310e-05	1.786634e-07	6.627687e-08	4.125201e-08	0.000000e+00	-5.824101e-12
Saved checkpoint: marshak_wave_multigroup_powerlaw_imc_10g_checkpoint.pkl (step=100, t=1.000000 ns)
   101     1.01000    0.01000  12000636    1.8384e-05    1.8346e-07         102.600    27672.8
   102     1.02000    0.01000  12100427    1.8405e-05    1.8829e-07         101.139    28261.4
   103     1.03000    0.01000  12201152    1.8426e-05    1.9325e-07         100.728    28833.1
   104     1.04000    0.01000  12301394    1.8448e-05    1.9831e-07         100.434    29389.3
   105     1.05000    0.01000  12399387    1.8470e-05    2.0339e-07         100.343    29932.2
1.050000e+00	12399387	1.867364e-05	1.847026e-05	2.033874e-07	7.239549e-08	4.509541e-08	0.000000e+00	-1.556876e-11
   106     1.06000    0.01000  12498440    1.8493e-05    2.0869e-07          99.800    30458.4
   107     1.07000    0.01000  12599711    1.8516e-05    2.1405e-07          99.465    30970.1
   108     1.08000    0.01000  12701334    1.8539e-05    2.1955e-07          99.268    31468.9
   109     1.09000    0.01000  12799018    1.8563e-05    2.2512e-07          98.953    31954.1
   110     1.10000    0.01000  12900909    1.8587e-05    2.3089e-07          98.679    32426.4
1.100000e+00	12900909	1.881809e-05	1.858719e-05	2.308941e-07	7.892829e-08	4.900207e-08	0.000000e+00	1.010519e-11
Saved checkpoint: marshak_wave_multigroup_powerlaw_imc_10g_checkpoint.pkl (step=110, t=1.100000 ns)
   111     1.11000    0.01000  12998808    1.8612e-05    2.3666e-07          99.259    32893.2
   112     1.12000    0.01000  13101171    1.8637e-05    2.4269e-07          97.755    33337.9
   113     1.13000    0.01000  13200240    1.8662e-05    2.4864e-07          98.175    33776.3
   114     1.14000    0.01000  13301458    1.8688e-05    2.5487e-07          97.874    34202.9
   115     1.15000    0.01000  13399822    1.8714e-05    2.6117e-07          97.065    34614.2
1.150000e+00	13399822	1.897537e-05	1.871420e-05	2.611690e-07	8.589355e-08	5.337361e-08	0.000000e+00	-1.007100e-11
   116     1.16000    0.01000  13500881    1.8741e-05    2.6768e-07          96.884    35015.3
   117     1.17000    0.01000  13599643    1.8768e-05    2.7421e-07          96.621    35406.0
   118     1.18000    0.01000  13701471    1.8795e-05    2.8091e-07          96.302    35786.0
   119     1.19000    0.01000  13799974    1.8823e-05    2.8776e-07          96.125    36156.7
   120     1.20000    0.01000  13900841    1.8852e-05    2.9461e-07          95.796    36517.2
1.200000e+00	13900841	1.914657e-05	1.885197e-05	2.946052e-07	9.330996e-08	5.797231e-08	0.000000e+00	1.052375e-11
Saved checkpoint: marshak_wave_multigroup_powerlaw_imc_10g_checkpoint.pkl (step=120, t=1.200000 ns)
   121     1.21000    0.01000  13999377    1.8881e-05    3.0167e-07          97.453    36882.2
   122     1.22000    0.01000  14100496    1.8910e-05    3.0895e-07          95.824    37227.9
   123     1.23000    0.01000  14200276    1.8940e-05    3.1641e-07          95.434    37563.6
   124     1.24000    0.01000  14299865    1.8970e-05    3.2397e-07          94.872    37888.4
   125     1.25000    0.01000  14399534    1.9001e-05    3.3156e-07          94.616    38204.7
1.250000e+00	14399534	1.933255e-05	1.900099e-05	3.315613e-07	1.011966e-07	6.282972e-08	0.000000e+00	-1.881142e-11
   126     1.26000    0.01000  14501123    1.9032e-05    3.3959e-07          94.175    38511.4
   127     1.27000    0.01000  14600938    1.9064e-05    3.4754e-07          93.759    38809.0
   128     1.28000    0.01000  14699962    1.9096e-05    3.5557e-07          93.491    39098.6
   129     1.29000    0.01000  14801432    1.9129e-05    3.6389e-07          93.546    39382.6
   130     1.30000    0.01000  14900307    1.9162e-05    3.7241e-07          93.163    39658.3
1.300000e+00	14900307	1.953422e-05	1.916181e-05	3.724117e-07	1.095729e-07	6.789210e-08	0.000000e+00	-1.003875e-12
Saved checkpoint: marshak_wave_multigroup_powerlaw_imc_10g_checkpoint.pkl (step=130, t=1.300000 ns)
   131     1.31000    0.01000  15001102    1.9195e-05    3.8107e-07          94.165    39935.0
   132     1.32000    0.01000  15099523    1.9230e-05    3.8984e-07          92.092    40192.4
   133     1.33000    0.01000  15200797    1.9264e-05    3.9878e-07          91.939    40443.6
   134     1.34000    0.01000  15300060    1.9299e-05    4.0781e-07          91.926    40689.5
   135     1.35000    0.01000  15399703    1.9335e-05    4.1715e-07          91.588    40928.3
1.350000e+00	15399703	1.975229e-05	1.933514e-05	4.171504e-07	1.184587e-07	7.344308e-08	0.000000e+00	-1.766618e-11
   136     1.36000    0.01000  15501007    1.9371e-05    4.2674e-07          91.456    41161.4
   137     1.37000    0.01000  15600281    1.9408e-05    4.3638e-07          90.999    41386.9
   138     1.38000    0.01000  15700019    1.9445e-05    4.4618e-07          91.043    41608.1
   139     1.39000    0.01000  15799992    1.9483e-05    4.5632e-07          90.742    41822.9
   140     1.40000    0.01000  15900084    1.9521e-05    4.6660e-07          90.348    42031.0
1.400000e+00	15900084	1.998778e-05	1.952118e-05	4.666007e-07	1.278744e-07	7.934138e-08	0.000000e+00	-8.003253e-12
Saved checkpoint: marshak_wave_multigroup_powerlaw_imc_10g_checkpoint.pkl (step=140, t=1.400000 ns)
   141     1.41000    0.01000  15999927    1.9560e-05    4.7716e-07          91.663    42242.8
   142     1.42000    0.01000  16100304    1.9599e-05    4.8766e-07          90.218    42441.6
   143     1.43000    0.01000  16199062    1.9639e-05    4.9862e-07          89.565    42632.4
   144     1.44000    0.01000  16298439    1.9680e-05    5.0940e-07          89.425    42818.5
   145     1.45000    0.01000  16400736    1.9721e-05    5.2057e-07          89.097    42998.9
1.450000e+00	16400736	2.024149e-05	1.972092e-05	5.205676e-07	1.378405e-07	8.552510e-08	0.000000e+00	1.206947e-11
   146     1.46000    0.01000  16500136    1.9762e-05    5.3209e-07          88.965    43174.9
   147     1.47000    0.01000  16600827    1.9804e-05    5.4376e-07          88.773    43346.1
   148     1.48000    0.01000  16700775    1.9847e-05    5.5530e-07          88.510    43512.2
   149     1.49000    0.01000  16802469    1.9890e-05    5.6744e-07          88.352    43674.1
   150     1.50000    0.01000  16900102    1.9934e-05    5.7982e-07          88.014    43830.7
1.500000e+00	16900102	2.051413e-05	1.993431e-05	5.798158e-07	1.483781e-07	9.213835e-08	0.000000e+00	-8.504133e-12
Saved checkpoint: marshak_wave_multigroup_powerlaw_imc_10g_checkpoint.pkl (step=150, t=1.500000 ns)
   151     1.51000    0.01000  16999155    1.9979e-05    5.9224e-07          89.269    43991.1
   152     1.52000    0.01000  17100225    2.0024e-05    6.0477e-07          87.431    44138.0
   153     1.53000    0.01000  17201083    2.0069e-05    6.1765e-07          87.210    44280.6
   154     1.54000    0.01000  17298186    2.0116e-05    6.3079e-07          87.198    44420.2
   155     1.55000    0.01000  17402030    2.0162e-05    6.4429e-07          86.938    44555.4
1.550000e+00	17402030	2.080670e-05	2.016242e-05	6.442879e-07	1.595087e-07	9.929877e-08	0.000000e+00	6.165698e-11
   156     1.56000    0.01000  17500272    2.0210e-05    6.5791e-07          86.925    44687.6
   157     1.57000    0.01000  17599775    2.0258e-05    6.7172e-07          86.786    44816.4
   158     1.58000    0.01000  17700371    2.0306e-05    6.8569e-07          86.133    44938.9
   159     1.59000    0.01000  17800028    2.0355e-05    6.9981e-07          85.890    45057.6
   160     1.60000    0.01000  17899058    2.0405e-05    7.1423e-07          85.957    45174.0
1.600000e+00	17899058	2.111957e-05	2.040534e-05	7.142291e-07	1.712540e-07	1.069388e-07	0.000000e+00	-5.197037e-11
Saved checkpoint: marshak_wave_multigroup_powerlaw_imc_10g_checkpoint.pkl (step=160, t=1.600000 ns)
   161     1.61000    0.01000  17999977    2.0456e-05    7.2894e-07          88.536    45301.3
   162     1.62000    0.01000  18100962    2.0507e-05    7.4422e-07          93.819    45453.3
   163     1.63000    0.01000  18200424    2.0558e-05    7.5965e-07          93.117    45598.7
   164     1.64000    0.01000  18300716    2.0611e-05    7.7536e-07          93.025    45740.7
   165     1.65000    0.01000  18400051    2.0663e-05    7.9160e-07          93.107    45880.3
1.650000e+00	18400051	2.145497e-05	2.066337e-05	7.916033e-07	1.836363e-07	1.146767e-07	0.000000e+00	-1.306219e-11
   166     1.66000    0.01000  18500009    2.0717e-05    8.0779e-07          92.949    46016.3
   167     1.67000    0.01000  18598980    2.0771e-05    8.2438e-07          92.090    46145.3
   168     1.68000    0.01000  18699383    2.0826e-05    8.4115e-07          92.511    46273.7
   169     1.69000    0.01000  18800510    2.0882e-05    8.5825e-07          92.107    46397.5
   170     1.70000    0.01000  18900614    2.0938e-05    8.7581e-07          91.854    46517.5
1.700000e+00	18900614	2.181396e-05	2.093815e-05	8.758101e-07	1.966783e-07	1.228374e-07	0.000000e+00	1.155216e-11
Saved checkpoint: marshak_wave_multigroup_powerlaw_imc_10g_checkpoint.pkl (step=170, t=1.700000 ns)
   171     1.71000    0.01000  19000510    2.0995e-05    8.9349e-07          93.109    46641.1
   172     1.72000    0.01000  19101050    2.1053e-05    9.1142e-07          91.238    46753.2
   173     1.73000    0.01000  19200729    2.1111e-05    9.2962e-07          91.407    46863.8
   174     1.74000    0.01000  19300135    2.1170e-05    9.4826e-07          91.205    46971.1
   175     1.75000    0.01000  19398854    2.1230e-05    9.6739e-07          90.444    47072.5
1.750000e+00	19398854	2.219757e-05	2.123018e-05	9.673883e-07	2.104029e-07	1.314497e-07	0.000000e+00	-7.493650e-11
   176     1.76000    0.01000  19498498    2.1291e-05    9.8651e-07          90.585    47172.4
   177     1.77000    0.01000  19600298    2.1352e-05    1.0065e-06          90.679    47270.6
   178     1.78000    0.01000  19701836    2.1414e-05    1.0267e-06          90.379    47365.3
   179     1.79000    0.01000  19800970    2.1476e-05    1.0470e-06          89.734    47455.0
   180     1.80000    0.01000  19901523    2.1539e-05    1.0674e-06          89.858    47543.2
1.800000e+00	19901523	2.260676e-05	2.153940e-05	1.067362e-06	2.248336e-07	1.410617e-07	0.000000e+00	6.289697e-11
Saved checkpoint: marshak_wave_multigroup_powerlaw_imc_10g_checkpoint.pkl (step=180, t=1.800000 ns)
   181     1.81000    0.01000  19998663    2.1603e-05    1.0887e-06          91.022    47634.8
   182     1.82000    0.01000  19999230    2.1668e-05    1.1100e-06          89.776    47718.7
   183     1.83000    0.01000  19999669    2.1733e-05    1.1322e-06          89.025    47797.4
   184     1.84000    0.01000  20001018    2.1800e-05    1.1544e-06          88.787    47873.2
   185     1.85000    0.01000  20000242    2.1867e-05    1.1770e-06          88.388    47945.4
1.850000e+00	20000242	2.304353e-05	2.186653e-05	1.177001e-06	2.399942e-07	1.503571e-07	0.000000e+00	-6.924518e-12
   186     1.86000    0.01000  20000921    2.1934e-05    1.2002e-06          87.968    48014.1
   187     1.87000    0.01000  20000931    2.2003e-05    1.2235e-06          87.986    48081.2
   188     1.88000    0.01000  19999238    2.2072e-05    1.2475e-06          87.388    48144.1
   189     1.89000    0.01000  20001247    2.2142e-05    1.2719e-06          87.001    48203.7
   190     1.90000    0.01000  20000575    2.2213e-05    1.2968e-06          86.787    48260.9
1.900000e+00	20000575	2.350998e-05	2.221318e-05	1.296805e-06	2.559089e-07	1.601019e-07	0.000000e+00	1.351027e-11
Saved checkpoint: marshak_wave_multigroup_powerlaw_imc_10g_checkpoint.pkl (step=190, t=1.900000 ns)
   191     1.91000    0.01000  19998523    2.2285e-05    1.3217e-06          88.220    48322.6
   192     1.92000    0.01000  20000273    2.2357e-05    1.3476e-06          86.226    48374.3
   193     1.93000    0.01000  19999476    2.2431e-05    1.3737e-06          85.878    48423.2
   194     1.94000    0.01000  20000898    2.2505e-05    1.4000e-06          85.432    48468.9
   195     1.95000    0.01000  20000173    2.2580e-05    1.4273e-06          85.493    48513.4
1.950000e+00	20000173	2.400712e-05	2.257985e-05	1.427274e-06	2.726023e-07	1.703080e-07	0.000000e+00	-1.349026e-11
   196     1.96000    0.01000  19999317    2.2655e-05    1.4550e-06          85.143    48555.2
   197     1.97000    0.01000  19999710    2.2732e-05    1.4825e-06          84.916    48594.8
   198     1.98000    0.01000  20001215    2.2810e-05    1.5110e-06          84.768    48632.5
   199     1.99000    0.01000  20000491    2.2888e-05    1.5402e-06          84.148    48666.5
   200     2.00000    0.01000  19999749    2.2968e-05    1.5694e-06          84.078    48699.0
2.000000e+00	19999749	2.453691e-05	2.296752e-05	1.569395e-06	2.900993e-07	1.814437e-07	0.000000e+00	-4.863247e-11
Saved checkpoint: marshak_wave_multigroup_powerlaw_imc_10g_checkpoint.pkl (step=200, t=2.000000 ns)
   201     2.01000    0.01000  20001559    2.3048e-05    1.5990e-06          85.928    48737.7
   202     2.02000    0.01000  20000663    2.3129e-05    1.6292e-06          84.364    48769.0
   203     2.03000    0.01000  20000287    2.3211e-05    1.6595e-06          83.694    48796.6
   204     2.04000    0.01000  20000272    2.3294e-05    1.6912e-06          83.545    48822.4
   205     2.05000    0.01000  20000872    2.3378e-05    1.7229e-06          83.002    48845.1
2.050000e+00	20000872	2.510054e-05	2.337767e-05	1.722865e-06	3.084255e-07	1.929133e-07	0.000000e+00	4.305514e-11
   206     2.06000    0.01000  20002057    2.3462e-05    1.7552e-06          83.161    48867.4
   207     2.07000    0.01000  19999691    2.3548e-05    1.7883e-06          82.733    48887.0
   208     2.08000    0.01000  20001997    2.3635e-05    1.8221e-06          82.514    48904.8
   209     2.09000    0.01000  20000116    2.3722e-05    1.8564e-06          81.924    48919.4
   210     2.10000    0.01000  20000239    2.3810e-05    1.8912e-06          81.973    48933.3
2.100000e+00	20000239	2.570164e-05	2.381047e-05	1.891171e-06	3.276064e-07	2.044001e-07	0.000000e+00	-1.227658e-11
Saved checkpoint: marshak_wave_multigroup_powerlaw_imc_10g_checkpoint.pkl (step=210, t=2.100000 ns)
   211     2.11000    0.01000  19998297    2.3900e-05    1.9260e-06          87.730    48967.8
   212     2.12000    0.01000  20000415    2.3990e-05    1.9615e-06          85.588    49055.3
   213     2.13000    0.01000  20000462    2.4081e-05    1.9977e-06          85.172    49078.3
   214     2.14000    0.01000  19999474    2.4174e-05    2.0348e-06          85.223    49100.3
   215     2.15000    0.01000  20000074    2.4267e-05    2.0726e-06          84.711    49119.6
2.150000e+00	20000074	2.633985e-05	2.426725e-05	2.072600e-06	3.476685e-07	2.163403e-07	0.000000e+00	-3.115363e-11
   216     2.16000    0.01000  20001937    2.4362e-05    2.1112e-06          84.469    49136.9
   217     2.17000    0.01000  19998657    2.4457e-05    2.1495e-06          84.243    49152.5
   218     2.18000    0.01000  19999526    2.4554e-05    2.1883e-06          84.211    49167.1
   219     2.19000    0.01000  20001638    2.4652e-05    2.2284e-06          84.481    49181.8
   220     2.20000    0.01000  19999484    2.4751e-05    2.2693e-06          83.605    49192.4
2.200000e+00	19999484	2.701995e-05	2.475068e-05	2.269276e-06	3.686381e-07	2.290035e-07	0.000000e+00	-1.010460e-10
Saved checkpoint: marshak_wave_multigroup_powerlaw_imc_10g_checkpoint.pkl (step=220, t=2.200000 ns)
   221     2.21000    0.01000  20001500    2.4850e-05    2.3113e-06          84.936    49206.9
   222     2.22000    0.01000  19999298    2.4951e-05    2.3531e-06          83.474    49215.4
   223     2.23000    0.01000  20001640    2.5053e-05    2.3960e-06          82.778    49220.6
   224     2.24000    0.01000  20001301    2.5156e-05    2.4390e-06          82.831    49225.2
   225     2.25000    0.01000  20001592    2.5260e-05    2.4829e-06          82.756    49228.7
2.250000e+00	20001592	2.774329e-05	2.526037e-05	2.482918e-06	3.905424e-07	2.424925e-07	0.000000e+00	1.529166e-10
   226     2.26000    0.01000  20001316    2.5366e-05    2.5282e-06          82.141    49229.4
   227     2.27000    0.01000  20000859    2.5472e-05    2.5737e-06          81.974    49228.8
   228     2.28000    0.01000  19999342    2.5580e-05    2.6190e-06          81.908    49227.3
   229     2.29000    0.01000  19999920    2.5688e-05    2.6658e-06          81.631    49224.1
   230     2.30000    0.01000  19998955    2.5798e-05    2.7127e-06          81.240    49218.9
2.300000e+00	19998955	2.851031e-05	2.579758e-05	2.712738e-06	4.134085e-07	2.565932e-07	0.000000e+00	-1.917238e-10
Saved checkpoint: marshak_wave_multigroup_powerlaw_imc_10g_checkpoint.pkl (step=230, t=2.300000 ns)
   231     2.31000    0.01000  20000399    2.5908e-05    2.7612e-06          83.071    49219.2
   232     2.32000    0.01000  19999862    2.6020e-05    2.8105e-06          83.772    49221.1
   233     2.33000    0.01000  20001094    2.6133e-05    2.8601e-06          83.542    49221.5
   234     2.34000    0.01000  19998942    2.6248e-05    2.9103e-06          83.876    49222.2
   235     2.35000    0.01000  19999693    2.6363e-05    2.9619e-06          83.314    49220.4
2.350000e+00	19999693	2.932506e-05	2.636314e-05	2.961917e-06	4.372644e-07	2.701954e-07	0.000000e+00	-1.024580e-10
   236     2.36000    0.01000  20001125    2.6480e-05    3.0137e-06          83.193    49217.6
   237     2.37000    0.01000  20001773    2.6598e-05    3.0670e-06          82.468    49211.7
   238     2.38000    0.01000  20001098    2.6716e-05    3.1207e-06          82.500    49205.2
   239     2.39000    0.01000  19999422    2.6837e-05    3.1745e-06          82.427    49197.9
   240     2.40000    0.01000  20000829    2.6958e-05    3.2291e-06          82.410    49190.0
2.400000e+00	20000829	3.018753e-05	2.695845e-05	3.229082e-06	4.621382e-07	2.857346e-07	0.000000e+00	7.356175e-11
Saved checkpoint: marshak_wave_multigroup_powerlaw_imc_10g_checkpoint.pkl (step=240, t=2.400000 ns)
   241     2.41000    0.01000  19999551    2.7081e-05    3.2849e-06          86.394    49193.9
   242     2.42000    0.01000  20001995    2.7205e-05    3.3423e-06          84.443    49191.0
   243     2.43000    0.01000  19998153    2.7331e-05    3.3995e-06          84.368    49187.2
   244     2.44000    0.01000  19999837    2.7457e-05    3.4585e-06          83.749    49180.9
   245     2.45000    0.01000  20000616    2.7585e-05    3.5180e-06          83.515    49173.1
2.450000e+00	20000616	3.110316e-05	2.758515e-05	3.518005e-06	4.880584e-07	3.009107e-07	0.000000e+00	4.215392e-11
   246     2.46000    0.01000  20000054    2.7714e-05    3.5787e-06          82.913    49162.9
   247     2.47000    0.01000  20001610    2.7845e-05    3.6397e-06          85.002    49158.5
   248     2.48000    0.01000  20002300    2.7976e-05    3.7032e-06          85.259    49154.2
   249     2.49000    0.01000  20002062    2.8109e-05    3.7657e-06          85.270    49149.3
   250     2.50000    0.01000  19999658    2.8244e-05    3.8286e-06          85.154    49143.4
2.500000e+00	19999658	3.207273e-05	2.824408e-05	3.828644e-06	5.150539e-07	3.170560e-07	0.000000e+00	-1.374157e-10
Saved checkpoint: marshak_wave_multigroup_powerlaw_imc_10g_checkpoint.pkl (step=250, t=2.500000 ns)
   251     2.51000    0.01000  20001178    2.8380e-05    3.8941e-06          86.657    49141.4
   252     2.52000    0.01000  20000225    2.8517e-05    3.9595e-06          86.628    49138.6
   253     2.53000    0.01000  19999499    2.8655e-05    4.0263e-06          85.932    49133.1
   254     2.54000    0.01000  20000331    2.8795e-05    4.0932e-06          85.942    49127.0
   255     2.55000    0.01000  20000299    2.8937e-05    4.1615e-06          85.743    49119.7
2.550000e+00	20000299	3.309814e-05	2.893666e-05	4.161482e-06	5.431541e-07	3.332862e-07	0.000000e+00	-1.627728e-11
   256     2.56000    0.01000  20002390    2.9080e-05    4.2313e-06          85.245    49110.3
   257     2.57000    0.01000  20000398    2.9224e-05    4.3008e-06          86.908    49105.1
   258     2.58000    0.01000  19999160    2.9369e-05    4.3725e-06          86.683    49098.7
   259     2.59000    0.01000  20000489    2.9516e-05    4.4451e-06          86.342    49090.6
   260     2.60000    0.01000  20001669    2.9665e-05    4.5186e-06          86.053    49081.2
2.600000e+00	20001669	3.418382e-05	2.966520e-05	4.518617e-06	5.723888e-07	3.500748e-07	0.000000e+00	2.923811e-10
Saved checkpoint: marshak_wave_multigroup_powerlaw_imc_10g_checkpoint.pkl (step=260, t=2.600000 ns)
   261     2.61000    0.01000  20001462    2.9816e-05    4.5932e-06          87.594    49075.5
   262     2.62000    0.01000  20000861    2.9967e-05    4.6697e-06          85.817    49064.2
   263     2.63000    0.01000  20001633    3.0121e-05    4.7457e-06          86.855    49055.2
   264     2.64000    0.01000  20001147    3.0276e-05    4.8240e-06          86.939    49045.9
   265     2.65000    0.01000  20001547    3.0431e-05    4.9038e-06          86.392    49034.4
2.650000e+00	20001547	3.533520e-05	3.043142e-05	4.903777e-06	6.027880e-07	3.681132e-07	0.000000e+00	2.862866e-10
   266     2.66000    0.01000  19999903    3.0589e-05    4.9834e-06          86.168    49021.8
   267     2.67000    0.01000  20002094    3.0746e-05    5.0657e-06          86.042    49008.3
   268     2.68000    0.01000  20000573    3.0907e-05    5.1473e-06          87.343    48997.8
   269     2.69000    0.01000  20000548    3.1069e-05    5.2308e-06          87.438    48987.0
   270     2.70000    0.01000  20001305    3.1232e-05    5.3156e-06          86.598    48973.4
2.700000e+00	20001305	3.654737e-05	3.123172e-05	5.315649e-06	6.343823e-07	3.871683e-07	0.000000e+00	2.425446e-10
Saved checkpoint: marshak_wave_multigroup_powerlaw_imc_10g_checkpoint.pkl (step=270, t=2.700000 ns)
   271     2.71000    0.01000  20002109    3.1398e-05    5.4004e-06          88.225    48963.5
   272     2.72000    0.01000  20001657    3.1565e-05    5.4869e-06          86.297    48948.0
   273     2.73000    0.01000  20001740    3.1733e-05    5.5741e-06          86.041    48931.2
   274     2.74000    0.01000  20001208    3.1903e-05    5.6630e-06          86.765    48915.9
   275     2.75000    0.01000  19999707    3.2075e-05    5.7508e-06          86.882    48900.4
2.750000e+00	19999707	3.782583e-05	3.207502e-05	5.750811e-06	6.672026e-07	4.069875e-07	0.000000e+00	-1.973782e-10
   276     2.76000    0.01000  20000727    3.2248e-05    5.8412e-06          86.914    48884.4
   277     2.77000    0.01000  20001395    3.2423e-05    5.9343e-06          86.399    48866.5
   278     2.78000    0.01000  20000285    3.2598e-05    6.0286e-06          86.341    48848.1
   279     2.79000    0.01000  19999735    3.2777e-05    6.1224e-06          87.086    48831.0
   280     2.80000    0.01000  20000006    3.2957e-05    6.2180e-06          86.940    48813.1
2.800000e+00	20000006	3.917470e-05	3.295670e-05	6.217993e-06	7.012802e-07	4.258723e-07	0.000000e+00	-1.222738e-10
Saved checkpoint: marshak_wave_multigroup_powerlaw_imc_10g_checkpoint.pkl (step=280, t=2.800000 ns)
   281     2.81000    0.01000  20001163    3.3138e-05    6.3155e-06          88.496    48798.7
   282     2.82000    0.01000  20001316    3.3320e-05    6.4151e-06          86.154    48777.8
   283     2.83000    0.01000  19999227    3.3505e-05    6.5148e-06          86.214    48756.5
   284     2.84000    0.01000  20000362    3.3690e-05    6.6169e-06          87.116    48737.1
   285     2.85000    0.01000  20000921    3.3877e-05    6.7196e-06          86.619    48716.0
2.850000e+00	20000921	4.059646e-05	3.387688e-05	6.719584e-06	7.366468e-07	4.471420e-07	0.000000e+00	1.782790e-10
   286     2.86000    0.01000  19999959    3.4067e-05    6.8226e-06          86.390    48693.8
   287     2.87000    0.01000  20000980    3.4258e-05    6.9281e-06          86.567    48671.7
   288     2.88000    0.01000  20001753    3.4451e-05    7.0352e-06          86.397    48648.6
   289     2.89000    0.01000  20000548    3.4646e-05    7.1430e-06          86.020    48624.2
   290     2.90000    0.01000  20000819    3.4844e-05    7.2516e-06          86.588    48600.8
2.900000e+00	20000819	4.209510e-05	3.484354e-05	7.251564e-06	7.733346e-07	4.676664e-07	0.000000e+00	1.491287e-10
Saved checkpoint: marshak_wave_multigroup_powerlaw_imc_10g_checkpoint.pkl (step=290, t=2.900000 ns)
   291     2.91000    0.01000  20000890    3.5041e-05    7.3636e-06          88.144    48580.7
   292     2.92000    0.01000  20001483    3.5242e-05    7.4760e-06          85.972    48554.9
   293     2.93000    0.01000  19999426    3.5444e-05    7.5885e-06          86.162    48529.1
   294     2.94000    0.01000  20000835    3.5646e-05    7.7044e-06          85.270    48500.8
   295     2.95000    0.01000  19999985    3.5852e-05    7.8199e-06          86.081    48474.0
2.950000e+00	19999985	4.367216e-05	3.585223e-05	7.819932e-06	8.113760e-07	4.898884e-07	0.000000e+00	-1.572487e-10
   296     2.96000    0.01000  20001794    3.6059e-05    7.9388e-06          86.506    48447.9
   297     2.97000    0.01000  20000100    3.6269e-05    8.0573e-06          86.056    48420.2
   298     2.98000    0.01000  19999626    3.6480e-05    8.1778e-06          85.824    48391.7
   299     2.99000    0.01000  20000155    3.6693e-05    8.3003e-06          85.449    48361.8
   300     3.00000    0.01000  20002166    3.6909e-05    8.4236e-06          85.044    48330.7
3.000000e+00	20002166	4.533244e-05	3.690884e-05	8.423599e-06	8.508039e-07	5.122480e-07	0.000000e+00	7.471942e-10
Saved checkpoint: marshak_wave_multigroup_powerlaw_imc_10g_checkpoint.pkl (step=300, t=3.000000 ns)
   301     3.01000    0.01000  19999456    3.7126e-05    8.5481e-06          87.360    48304.6
   302     3.02000    0.01000  19999134    3.7343e-05    8.6755e-06          85.786    48274.4
   303     3.03000    0.01000  19999305    3.7565e-05    8.8033e-06          85.379    48242.9
   304     3.04000    0.01000  19999234    3.7788e-05    8.9330e-06          85.191    48210.7
   305     3.05000    0.01000  20000366    3.8012e-05    9.0642e-06          85.000    48177.6
3.050000e+00	20000366	4.707669e-05	3.801244e-05	9.064250e-06	8.916516e-07	5.360608e-07	0.000000e+00	-1.569223e-11
   306     3.06000    0.01000  20000038    3.8237e-05    9.1979e-06          85.357    48145.1
   307     3.07000    0.01000  20000061    3.8466e-05    9.3323e-06          85.266    48111.9
   308     3.08000    0.01000  20001667    3.8696e-05    9.4708e-06          84.875    48077.6
   309     3.09000    0.01000  20001288    3.8928e-05    9.6075e-06          84.913    48043.0
   310     3.10000    0.01000  20000086    3.9161e-05    9.7476e-06          84.419    48007.0
3.100000e+00	20000086	4.890873e-05	3.916109e-05	9.747637e-06	9.339528e-07	5.604339e-07	0.000000e+00	-1.595131e-10
Saved checkpoint: marshak_wave_multigroup_powerlaw_imc_10g_checkpoint.pkl (step=310, t=3.100000 ns)
   311     3.11000    0.01000  20000146    3.9397e-05    9.8887e-06          87.440    47977.4
   312     3.12000    0.01000  20001852    3.9636e-05    1.0031e-05          85.694    47943.6
   313     3.13000    0.01000  19999519    3.9876e-05    1.0174e-05          85.026    47907.9
   314     3.14000    0.01000  20001237    4.0116e-05    1.0322e-05          84.419    47870.6
   315     3.15000    0.01000  20001229    4.0361e-05    1.0470e-05          84.399    47833.0
3.150000e+00	20001229	5.083184e-05	4.036144e-05	1.047039e-05	9.777416e-07	5.852260e-07	0.000000e+00	4.298800e-10
   316     3.16000    0.01000  19999002    4.0608e-05    1.0619e-05          84.160    47794.6
   317     3.17000    0.01000  19998831    4.0857e-05    1.0768e-05          84.308    47756.1
   318     3.18000    0.01000  19999833    4.1107e-05    1.0923e-05          84.459    47717.8
   319     3.19000    0.01000  19999879    4.1360e-05    1.1077e-05          84.075    47678.3
   320     3.20000    0.01000  20001153    4.1614e-05    1.1235e-05          84.364    47639.1
3.200000e+00	20001153	5.284834e-05	4.161373e-05	1.123462e-05	1.023052e-06	6.124903e-07	0.000000e+00	4.073828e-10
Saved checkpoint: marshak_wave_multigroup_powerlaw_imc_10g_checkpoint.pkl (step=320, t=3.200000 ns)
   321     3.21000    0.01000  20001325    4.1871e-05    1.1394e-05          85.326    47601.7
   322     3.22000    0.01000  20001059    4.2128e-05    1.1556e-05          83.977    47561.2
   323     3.23000    0.01000  19999513    4.2390e-05    1.1716e-05          83.992    47520.4
   324     3.24000    0.01000  19999677    4.2653e-05    1.1879e-05          83.894    47479.2
   325     3.25000    0.01000  20000157    4.2919e-05    1.2044e-05          84.182    47438.3
3.250000e+00	20000157	5.496310e-05	4.291912e-05	1.204398e-05	1.069920e-06	6.389791e-07	0.000000e+00	-1.434497e-10
   326     3.26000    0.01000  20002529    4.3186e-05    1.2215e-05          83.305    47395.3
   327     3.27000    0.01000  20000501    4.3456e-05    1.2384e-05          83.034    47351.5
   328     3.28000    0.01000  20000543    4.3730e-05    1.2554e-05          83.637    47308.7
   329     3.29000    0.01000  20000589    4.4002e-05    1.2729e-05          83.470    47265.3
   330     3.30000    0.01000  20001014    4.4278e-05    1.2906e-05          82.962    47220.7
3.300000e+00	20001014	5.718424e-05	4.427814e-05	1.290610e-05	1.118380e-06	6.658979e-07	0.000000e+00	3.843205e-10
Saved checkpoint: marshak_wave_multigroup_powerlaw_imc_10g_checkpoint.pkl (step=330, t=3.300000 ns)
   331     3.31000    0.01000  20001123    4.4557e-05    1.3083e-05          84.789    47179.5
   332     3.32000    0.01000  20000668    4.4842e-05    1.3261e-05          83.094    47134.6
   333     3.33000    0.01000  19999702    4.5124e-05    1.3443e-05          83.380    47090.1
   334     3.34000    0.01000  19999939    4.5409e-05    1.3626e-05          83.102    47044.8
   335     3.35000    0.01000  19999020    4.5698e-05    1.3810e-05          83.063    46999.1
3.350000e+00	19999020	5.950818e-05	4.569778e-05	1.381040e-05	1.168468e-06	6.943559e-07	0.000000e+00	-9.605115e-10
   336     3.36000    0.01000  20001431    4.5989e-05    1.3999e-05          82.488    46952.2
   337     3.37000    0.01000  19999651    4.6278e-05    1.4190e-05          82.194    46904.4
   338     3.38000    0.01000  19999090    4.6573e-05    1.4383e-05          82.483    46857.0
   339     3.39000    0.01000  20001339    4.6872e-05    1.4576e-05          82.768    46809.9
   340     3.40000    0.01000  19998696    4.7171e-05    1.4770e-05          82.428    46762.0
3.400000e+00	19998696	6.194099e-05	4.717099e-05	1.477000e-05	1.220219e-06	7.261879e-07	0.000000e+00	-1.263363e-09
Saved checkpoint: marshak_wave_multigroup_powerlaw_imc_10g_checkpoint.pkl (step=340, t=3.400000 ns)
   341     3.41000    0.01000  20001560    4.7470e-05    1.4972e-05          84.382    46717.6
   342     3.42000    0.01000  20000412    4.7776e-05    1.5171e-05          82.264    46669.0
   343     3.43000    0.01000  19999419    4.8083e-05    1.5372e-05          81.759    46619.2
   344     3.44000    0.01000  20000193    4.8390e-05    1.5577e-05          82.260    46570.1
   345     3.45000    0.01000  19999931    4.8701e-05    1.5785e-05          82.027    46520.4
3.450000e+00	19999931	6.448579e-05	4.870113e-05	1.578466e-05	1.273671e-06	7.545451e-07	0.000000e+00	-3.986486e-10
   346     3.46000    0.01000  20000215    4.9012e-05    1.5996e-05          82.101    46470.7
   347     3.47000    0.01000  20000454    4.9329e-05    1.6207e-05          81.905    46420.4
   348     3.48000    0.01000  19999419    4.9646e-05    1.6421e-05          81.302    46368.8
   349     3.49000    0.01000  19999323    4.9967e-05    1.6637e-05          81.510    46317.4
   350     3.50000    0.01000  20000042    5.0289e-05    1.6855e-05          81.634    46266.0
3.500000e+00	20000042	6.714386e-05	5.028901e-05	1.685485e-05	1.328860e-06	7.880546e-07	0.000000e+00	-3.202751e-10
Saved checkpoint: marshak_wave_multigroup_powerlaw_imc_10g_checkpoint.pkl (step=350, t=3.500000 ns)
   351     3.51000    0.01000  19999400    5.0614e-05    1.7075e-05          82.681    46216.5
   352     3.52000    0.01000  19999897    5.0943e-05    1.7296e-05          80.946    46163.5
   353     3.53000    0.01000  19999883    5.1273e-05    1.7521e-05          80.875    46110.3
   354     3.54000    0.01000  20000830    5.1606e-05    1.7748e-05          80.947    46057.0
   355     3.55000    0.01000  20000677    5.1941e-05    1.7981e-05          81.004    46003.7
3.550000e+00	20000677	6.992144e-05	5.194080e-05	1.798063e-05	1.385824e-06	8.195756e-07	0.000000e+00	2.255751e-10
   356     3.56000    0.01000  20000643    5.2282e-05    1.8209e-05          80.900    45950.0
   357     3.57000    0.01000  20000098    5.2622e-05    1.8447e-05          80.341    45895.2
   358     3.58000    0.01000  20000952    5.2965e-05    1.8683e-05          80.312    45840.2
   359     3.59000    0.01000  20000269    5.3310e-05    1.8923e-05          80.454    45785.3
   360     3.60000    0.01000  19999882    5.3658e-05    1.9164e-05          80.400    45730.1
3.600000e+00	19999882	7.282181e-05	5.365808e-05	1.916372e-05	1.444599e-06	8.552316e-07	0.000000e+00	-5.106046e-10
Saved checkpoint: marshak_wave_multigroup_powerlaw_imc_10g_checkpoint.pkl (step=360, t=3.600000 ns)
   361     3.61000    0.01000  19999995    5.4007e-05    1.9407e-05          82.180    45678.0
   362     3.62000    0.01000  19999560    5.4360e-05    1.9653e-05          80.117    45622.1
   363     3.63000    0.01000  20001100    5.4716e-05    1.9903e-05          80.046    45565.9
   364     3.64000    0.01000  19999599    5.5077e-05    2.0150e-05          79.925    45509.3
   365     3.65000    0.01000  20000294    5.5436e-05    2.0405e-05          79.540    45452.0
3.650000e+00	20000294	7.584105e-05	5.543610e-05	2.040494e-05	1.505225e-06	8.912545e-07	0.000000e+00	-1.298565e-10
   366     3.66000    0.01000  19999906    5.5797e-05    2.0664e-05          79.885    45395.2
   367     3.67000    0.01000  20000981    5.6165e-05    2.0922e-05          79.656    45337.8
   368     3.68000    0.01000  20000533    5.6534e-05    2.1184e-05          79.756    45280.4
   369     3.69000    0.01000  20000230    5.6904e-05    2.1447e-05          79.457    45222.5
   370     3.70000    0.01000  20000487    5.7281e-05    2.1712e-05          79.578    45164.6
3.700000e+00	20000487	7.899363e-05	5.728129e-05	2.171234e-05	1.567739e-06	9.256952e-07	0.000000e+00	2.727945e-11
Saved checkpoint: marshak_wave_multigroup_powerlaw_imc_10g_checkpoint.pkl (step=370, t=3.700000 ns)
   371     3.71000    0.01000  20000191    5.7657e-05    2.1984e-05          81.249    45109.5
   372     3.72000    0.01000  19999419    5.8031e-05    2.2259e-05          79.074    45050.5
   373     3.73000    0.01000  20000054    5.8415e-05    2.2531e-05          79.047    44991.4
   374     3.74000    0.01000  20001266    5.8798e-05    2.2812e-05          78.788    44931.7
   375     3.75000    0.01000  20000072    5.9187e-05    2.3088e-05          78.587    44871.6
3.750000e+00	20000072	8.227520e-05	5.918674e-05	2.308846e-05	1.632180e-06	9.663048e-07	0.000000e+00	-4.175864e-10
   376     3.76000    0.01000  19999809    5.9577e-05    2.3373e-05          78.498    44811.3
   377     3.77000    0.01000  20000752    5.9970e-05    2.3659e-05          78.666    44751.1
   378     3.78000    0.01000  20000907    6.0365e-05    2.3951e-05          78.606    44690.7
   379     3.79000    0.01000  20000856    6.0763e-05    2.4246e-05          78.267    44629.7
   380     3.80000    0.01000  20000573    6.1164e-05    2.4540e-05          78.165    44568.5
3.800000e+00	20000573	8.570337e-05	6.116372e-05	2.453965e-05	1.698588e-06	1.004028e-06	0.000000e+00	1.913530e-10
Saved checkpoint: marshak_wave_multigroup_powerlaw_imc_10g_checkpoint.pkl (step=380, t=3.800000 ns)
   381     3.81000    0.01000  20001563    6.1570e-05    2.4836e-05          80.169    44510.4
   382     3.82000    0.01000  20001863    6.1978e-05    2.5135e-05          78.274    44449.1
   383     3.83000    0.01000  20000381    6.2389e-05    2.5438e-05          77.836    44387.0
   384     3.84000    0.01000  20000264    6.2799e-05    2.5747e-05          78.039    44325.2
   385     3.85000    0.01000  20000184    6.3213e-05    2.6056e-05          77.609    44262.5
3.850000e+00	20000184	8.926838e-05	6.321255e-05	2.605583e-05	1.767002e-06	1.044495e-06	0.000000e+00	-3.177912e-10
   386     3.86000    0.01000  20000782    6.3629e-05    2.6371e-05          77.577    44199.8
   387     3.87000    0.01000  20001673    6.4047e-05    2.6690e-05          77.289    44136.5
   388     3.88000    0.01000  19999700    6.4470e-05    2.7006e-05          77.350    44073.3
   389     3.89000    0.01000  20001313    6.4898e-05    2.7329e-05          77.667    44010.5
   390     3.90000    0.01000  20000068    6.5328e-05    2.7654e-05          77.417    43947.2
3.900000e+00	20000068	9.298177e-05	6.532784e-05	2.765393e-05	1.837462e-06	1.082384e-06	0.000000e+00	-4.888779e-10
Saved checkpoint: marshak_wave_multigroup_powerlaw_imc_10g_checkpoint.pkl (step=390, t=3.900000 ns)
   391     3.91000    0.01000  20000335    6.5758e-05    2.7985e-05          78.987    43886.3
   392     3.92000    0.01000  20001428    6.6191e-05    2.8319e-05          77.100    43822.3
   393     3.93000    0.01000  20000939    6.6633e-05    2.8649e-05          77.149    43758.4
   394     3.94000    0.01000  19999539    6.7068e-05    2.8988e-05          76.733    43693.8
   395     3.95000    0.01000  19999712    6.7513e-05    2.9326e-05          76.659    43629.0
3.950000e+00	19999712	9.683895e-05	6.751257e-05	2.932639e-05	1.910008e-06	1.126643e-06	0.000000e+00	-1.042542e-09
   396     3.96000    0.01000  20000320    6.7961e-05    2.9667e-05          77.248    43565.0
   397     3.97000    0.01000  20001511    6.8411e-05    3.0012e-05          76.634    43500.0
   398     3.98000    0.01000  20001969    6.8860e-05    3.0366e-05          76.618    43435.0
   399     3.99000    0.01000  20000698    6.9316e-05    3.0716e-05          76.419    43369.6
   400     4.00000    0.01000  19999935    6.9770e-05    3.1073e-05          76.552    43304.3
4.000000e+00	19999935	1.008429e-04	6.976991e-05	3.107299e-05	1.984682e-06	1.173368e-06	0.000000e+00	-7.836855e-10
Saved checkpoint: marshak_wave_multigroup_powerlaw_imc_10g_checkpoint.pkl (step=400, t=4.000000 ns)
   401     4.01000    0.01000  20000540    7.0232e-05    3.1431e-05          78.204    43241.4
   402     4.02000    0.01000  20001078    7.0698e-05    3.1791e-05          76.091    43175.4
   403     4.03000    0.01000  19999261    7.1164e-05    3.2153e-05          75.638    43108.6
   404     4.04000    0.01000  19999416    7.1631e-05    3.2525e-05          75.760    43041.9
   405     4.05000    0.01000  20000497    7.2108e-05    3.2893e-05          75.899    42975.4
4.050000e+00	20000497	1.050015e-04	7.210808e-05	3.289343e-05	2.061525e-06	1.216274e-06	0.000000e+00	1.854775e-10
   406     4.06000    0.01000  20000178    7.2581e-05    3.3270e-05          75.431    42908.2
   407     4.07000    0.01000  20000748    7.3058e-05    3.3654e-05          75.462    42840.9
   408     4.08000    0.01000  20001127    7.3542e-05    3.4032e-05          75.436    42773.6
   409     4.09000    0.01000  20001453    7.4024e-05    3.4421e-05          75.284    42706.1
   410     4.10000    0.01000  20000495    7.4514e-05    3.4808e-05          75.392    42638.6
4.100000e+00	20000495	1.093220e-04	7.451382e-05	3.480814e-05	2.140577e-06	1.263714e-06	0.000000e+00	1.079712e-10
Saved checkpoint: marshak_wave_multigroup_powerlaw_imc_10g_checkpoint.pkl (step=410, t=4.100000 ns)
   411     4.11000    0.01000  20000304    7.5002e-05    3.5201e-05          76.665    42572.9
   412     4.12000    0.01000  20000787    7.5498e-05    3.5596e-05          75.067    42505.0
   413     4.13000    0.01000  20001035    7.5996e-05    3.5992e-05          74.728    42436.4
   414     4.14000    0.01000  19999000    7.6491e-05    3.6392e-05          74.867    42368.1
   415     4.15000    0.01000  19999485    7.6990e-05    3.6800e-05          74.493    42299.2
4.150000e+00	19999485	1.137909e-04	7.699049e-05	3.680040e-05	2.221882e-06	1.312418e-06	0.000000e+00	-1.747566e-09
   416     4.16000    0.01000  19998884    7.7502e-05    3.7202e-05          74.897    42230.8
   417     4.17000    0.01000  20000358    7.8003e-05    3.7624e-05          74.389    42161.7
   418     4.18000    0.01000  19999490    7.8516e-05    3.8039e-05          74.088    42092.1
   419     4.19000    0.01000  19999447    7.9026e-05    3.8462e-05          73.915    42022.3
   420     4.20000    0.01000  20001221    7.9548e-05    3.8884e-05          74.036    41952.7
4.200000e+00	20001221	1.184320e-04	7.954762e-05	3.888436e-05	2.305480e-06	1.363182e-06	0.000000e+00	1.597701e-09
Saved checkpoint: marshak_wave_multigroup_powerlaw_imc_10g_checkpoint.pkl (step=420, t=4.200000 ns)
   421     4.21000    0.01000  20000765    8.0071e-05    3.9314e-05          76.131    41885.9
   422     4.22000    0.01000  20002108    8.0596e-05    3.9751e-05          74.053    41816.2
   423     4.23000    0.01000  20000577    8.1130e-05    4.0179e-05          73.845    41746.2
   424     4.24000    0.01000  20000144    8.1659e-05    4.0619e-05          73.386    41675.5
   425     4.25000    0.01000  20001080    8.2191e-05    4.1065e-05          73.654    41605.2
4.250000e+00	20001080	1.232557e-04	8.219099e-05	4.106469e-05	2.391416e-06	1.414660e-06	0.000000e+00	1.372550e-09
   426     4.26000    0.01000  20001554    8.2726e-05    4.1518e-05          73.301    41534.4
   427     4.27000    0.01000  20001789    8.3272e-05    4.1962e-05          73.259    41463.6
   428     4.28000    0.01000  19999377    8.3811e-05    4.2421e-05          73.159    41392.6
   429     4.29000    0.01000  20001281    8.4352e-05    4.2887e-05          73.017    41321.4
   430     4.30000    0.01000  20000939    8.4910e-05    4.3343e-05          73.035    41250.2
4.300000e+00	20000939	1.282520e-04	8.490952e-05	4.334251e-05	2.479733e-06	1.467774e-06	0.000000e+00	1.085669e-09
Saved checkpoint: marshak_wave_multigroup_powerlaw_imc_10g_checkpoint.pkl (step=430, t=4.300000 ns)
   431     4.31000    0.01000  20000100    8.5454e-05    4.3815e-05          75.102    41181.7
   432     4.32000    0.01000  19999723    8.6013e-05    4.4280e-05          73.023    41110.5
   433     4.33000    0.01000  19999497    8.6573e-05    4.4747e-05          73.117    41039.4
   434     4.34000    0.01000  20000594    8.7141e-05    4.5223e-05          72.547    40967.5
   435     4.35000    0.01000  19999361    8.7710e-05    4.5702e-05          72.654    40895.8
4.350000e+00	19999361	1.334118e-04	8.771009e-05	4.570175e-05	2.570473e-06	1.520310e-06	0.000000e+00	-2.389880e-09
   436     4.36000    0.01000  20000334    8.8277e-05    4.6190e-05          72.454    40823.8
   437     4.37000    0.01000  19999687    8.8850e-05    4.6678e-05          72.554    40751.9
   438     4.38000    0.01000  20000554    8.9422e-05    4.7172e-05          72.091    40679.5
   439     4.39000    0.01000  20000823    9.0003e-05    4.7673e-05          71.935    40606.8
   440     4.40000    0.01000  20000887    9.0584e-05    4.8180e-05          72.147    40534.4
4.400000e+00	20000887	1.387638e-04	9.058378e-05	4.818002e-05	2.663681e-06	1.576064e-06	0.000000e+00	1.082058e-09
Saved checkpoint: marshak_wave_multigroup_powerlaw_imc_10g_checkpoint.pkl (step=440, t=4.400000 ns)
   441     4.41000    0.01000  20001098    9.1174e-05    4.8683e-05          73.868    40464.2
   442     4.42000    0.01000  20000533    9.1765e-05    4.9190e-05          72.340    40392.0
   443     4.43000    0.01000  20000513    9.2363e-05    4.9700e-05          71.805    40319.2
   444     4.44000    0.01000  20000685    9.2955e-05    5.0222e-05          71.825    40246.4
   445     4.45000    0.01000  19999859    9.3548e-05    5.0749e-05          71.513    40173.2
4.450000e+00	19999859	1.442968e-04	9.354792e-05	5.074892e-05	2.759401e-06	1.638330e-06	0.000000e+00	-1.436548e-09
   446     4.46000    0.01000  20000695    9.4156e-05    5.1274e-05          71.333    40099.8
   447     4.47000    0.01000  20000675    9.4760e-05    5.1811e-05          71.336    40026.5
   448     4.48000    0.01000  20001210    9.5366e-05    5.2352e-05          71.385    39953.1
   449     4.49000    0.01000  20000178    9.5976e-05    5.2897e-05          71.112    39879.5
   450     4.50000    0.01000  19999664    9.6594e-05    5.3434e-05          70.882    39805.6
4.500000e+00	19999664	1.500284e-04	9.659393e-05	5.343444e-05	2.857679e-06	1.699717e-06	0.000000e+00	-2.025924e-09
Saved checkpoint: marshak_wave_multigroup_powerlaw_imc_10g_checkpoint.pkl (step=450, t=4.500000 ns)
   451     4.51000    0.01000  20001179    9.7218e-05    5.3980e-05          72.801    39734.0
   452     4.52000    0.01000  20000540    9.7831e-05    5.4548e-05          71.460    39660.8
   453     4.53000    0.01000  20000307    9.8460e-05    5.5102e-05          70.985    39587.1
   454     4.54000    0.01000  20000612    9.9086e-05    5.5668e-05          70.955    39513.3
   455     4.55000    0.01000  19999441    9.9725e-05    5.6224e-05          71.201    39439.8
4.550000e+00	19999441	1.559488e-04	9.972466e-05	5.622412e-05	2.958558e-06	1.760466e-06	0.000000e+00	-2.755203e-09
   456     4.56000    0.01000  20000591    1.0036e-04    5.6797e-05          70.729    39365.8
   457     4.57000    0.01000  19999430    1.0100e-04    5.7369e-05          70.676    39291.7
   458     4.58000    0.01000  20000221    1.0164e-04    5.7940e-05          70.338    39217.2
   459     4.59000    0.01000  20000569    1.0228e-04    5.8534e-05          70.168    39142.6
   460     4.60000    0.01000  20000561    1.0294e-04    5.9115e-05          70.324    39068.1
4.600000e+00	20000561	1.620556e-04	1.029401e-04	5.911544e-05	3.062085e-06	1.822942e-06	0.000000e+00	3.905145e-10
Saved checkpoint: marshak_wave_multigroup_powerlaw_imc_10g_checkpoint.pkl (step=460, t=4.600000 ns)
   461     4.61000    0.01000  20001318    1.0359e-04    5.9716e-05          72.736    38996.5
   462     4.62000    0.01000  20000669    1.0425e-04    6.0310e-05          70.218    38922.0
   463     4.63000    0.01000  20000211    1.0491e-04    6.0911e-05          70.252    38847.5
   464     4.64000    0.01000  20000967    1.0557e-04    6.1520e-05          69.750    38772.4
   465     4.65000    0.01000  20000095    1.0623e-04    6.2135e-05          69.538    38697.1
4.650000e+00	20000095	1.683682e-04	1.062336e-04	6.213466e-05	3.168305e-06	1.887439e-06	0.000000e+00	-1.021591e-09
   466     4.66000    0.01000  20000408    1.0690e-04    6.2746e-05          69.411    38621.8
   467     4.67000    0.01000  20000901    1.0757e-04    6.3371e-05          69.261    38546.2
   468     4.68000    0.01000  20000541    1.0825e-04    6.4002e-05          69.522    38471.0
   469     4.69000    0.01000  20001056    1.0892e-04    6.4636e-05          69.569    38395.9
   470     4.70000    0.01000  20001284    1.0961e-04    6.5275e-05          69.446    38320.6
4.700000e+00	20001284	1.748852e-04	1.096107e-04	6.527451e-05	3.277265e-06	1.955482e-06	0.000000e+00	2.831042e-09
Saved checkpoint: marshak_wave_multigroup_powerlaw_imc_10g_checkpoint.pkl (step=470, t=4.700000 ns)
   471     4.71000    0.01000  20000415    1.1030e-04    6.5909e-05          70.832    38246.9
   472     4.72000    0.01000  19999922    1.1099e-04    6.6551e-05          68.924    38171.1
   473     4.73000    0.01000  20000474    1.1168e-04    6.7197e-05          68.794    38095.2
   474     4.74000    0.01000  20000913    1.1238e-04    6.7850e-05          68.749    38019.3
   475     4.75000    0.01000  20001236    1.1307e-04    6.8518e-05          68.590    37943.2
4.750000e+00	20001236	1.815897e-04	1.130718e-04	6.851793e-05	3.389012e-06	2.031580e-06	0.000000e+00	2.822551e-09
   476     4.76000    0.01000  20000456    1.1377e-04    6.9183e-05          68.597    37867.2
   477     4.77000    0.01000  20001333    1.1449e-04    6.9845e-05          68.535    37791.1
   478     4.78000    0.01000  20000902    1.1520e-04    7.0524e-05          68.477    37715.0
   479     4.79000    0.01000  20000538    1.1590e-04    7.1210e-05          68.415    37638.9
   480     4.80000    0.01000  20001171    1.1662e-04    7.1897e-05          68.190    37562.5
4.800000e+00	20001171	1.885154e-04	1.166181e-04	7.189732e-05	3.503592e-06	2.101411e-06	0.000000e+00	2.696571e-09
Saved checkpoint: marshak_wave_multigroup_powerlaw_imc_10g_checkpoint.pkl (step=480, t=4.800000 ns)
   481     4.81000    0.01000  19999861    1.1734e-04    7.2580e-05          69.460    37487.6
   482     4.82000    0.01000  20000545    1.1806e-04    7.3286e-05          67.730    37410.8
   483     4.83000    0.01000  20001368    1.1879e-04    7.3988e-05          67.590    37333.9
   484     4.84000    0.01000  19999686    1.1952e-04    7.4687e-05          67.585    37257.0
   485     4.85000    0.01000  19999617    1.2025e-04    7.5396e-05          67.430    37180.0
4.850000e+00	19999617	1.956459e-04	1.202499e-04	7.539605e-05	3.621054e-06	2.177293e-06	0.000000e+00	-3.116467e-09
   486     4.86000    0.01000  19999048    1.2098e-04    7.6118e-05          67.270    37102.9
   487     4.87000    0.01000  20000373    1.2172e-04    7.6845e-05          67.321    37025.9
   488     4.88000    0.01000  20000136    1.2247e-04    7.7556e-05          67.197    36948.7
   489     4.89000    0.01000  19999498    1.2320e-04    7.8302e-05          67.115    36871.6
   490     4.90000    0.01000  19999151    1.2396e-04    7.9031e-05          66.914    36794.2
4.900000e+00	19999151	2.029902e-04	1.239591e-04	7.903111e-05	3.741444e-06	2.247240e-06	0.000000e+00	-5.076629e-09
Saved checkpoint: marshak_wave_multigroup_powerlaw_imc_10g_checkpoint.pkl (step=490, t=4.900000 ns)
   491     4.91000    0.01000  20000854    1.2471e-04    7.9774e-05          70.523    36720.7
   492     4.92000    0.01000  20000172    1.2548e-04    8.0506e-05          67.753    36644.3
   493     4.93000    0.01000  20001104    1.2625e-04    8.1264e-05          67.025    36567.2
   494     4.94000    0.01000  20001059    1.2701e-04    8.2025e-05          67.097    36490.2
   495     4.95000    0.01000  20000857    1.2778e-04    8.2798e-05          66.819    36412.9
4.950000e+00	20000857	2.105744e-04	1.277764e-04	8.279798e-05	3.864812e-06	2.327847e-06	0.000000e+00	1.672564e-09
   496     4.96000    0.01000  20000280    1.2853e-04    8.3585e-05          66.878    36335.8
   497     4.97000    0.01000  19998899    1.2930e-04    8.4363e-05          66.711    36258.5
   498     4.98000    0.01000  20000075    1.3009e-04    8.5131e-05          66.566    36181.2
   499     4.99000    0.01000  19999545    1.3086e-04    8.5918e-05          66.694    36104.0
   500     5.00000    0.01000  20000539    1.3164e-04    8.6710e-05          66.583    36026.7
5.000000e+00	20000539	2.183525e-04	1.316421e-04	8.671037e-05	3.991206e-06	2.420184e-06	0.000000e+00	5.107261e-10
Saved checkpoint: marshak_wave_multigroup_powerlaw_imc_10g_checkpoint.pkl (step=500, t=5.000000 ns)
   501     5.01000    0.01000  20000820    1.3243e-04    8.7506e-05          68.205    35951.1
   502     5.02000    0.01000  20000454    1.3322e-04    8.8291e-05          66.471    35873.8
   503     5.03000    0.01000  20000968    1.3400e-04    8.9063e-05          66.035    35796.1
   504     5.04000    0.01000  19999325    1.3480e-04    8.9797e-05          66.105    35718.5
   505     5.05000    0.01000  20000381    1.3559e-04    9.0531e-05          66.240    35641.1
5.050000e+00	20000381	2.261189e-04	1.355880e-04	9.053092e-05	4.016852e-06	2.491472e-06	0.000000e+00	-3.171829e-10
   506     5.06000    0.01000  20000545    1.3638e-04    9.1246e-05          66.204    35563.7
   507     5.07000    0.01000  20000121    1.3720e-04    9.1914e-05          65.743    35486.0
   508     5.08000    0.01000  20000166    1.3799e-04    9.2599e-05          65.664    35408.1
   509     5.09000    0.01000  19999687    1.3879e-04    9.3265e-05          65.822    35330.5
   510     5.10000    0.01000  20001210    1.3960e-04    9.3917e-05          65.484    35252.6
5.100000e+00	20001210	2.335140e-04	1.395975e-04	9.391651e-05	4.016852e-06	2.565108e-06	0.000000e+00	3.545051e-09
Saved checkpoint: marshak_wave_multigroup_powerlaw_imc_10g_checkpoint.pkl (step=510, t=5.100000 ns)
   511     5.11000    0.01000  20000058    1.4042e-04    9.4523e-05          67.311    35176.5
   512     5.12000    0.01000  20000336    1.4122e-04    9.5153e-05          65.382    35098.6
   513     5.13000    0.01000  19999789    1.4202e-04    9.5768e-05          65.426    35020.8
   514     5.14000    0.01000  19999858    1.4283e-04    9.6355e-05          65.521    34943.1
   515     5.15000    0.01000  20001275    1.4363e-04    9.6943e-05          65.420    34865.4
5.150000e+00	20001275	2.405759e-04	1.436330e-04	9.694287e-05	4.016852e-06	2.629622e-06	0.000000e+00	3.978561e-09
   516     5.16000    0.01000  19999982    1.4445e-04    9.7496e-05          65.702    34788.0
   517     5.17000    0.01000  19998978    1.4528e-04    9.8027e-05          65.137    34710.1
   518     5.18000    0.01000  20000973    1.4609e-04    9.8567e-05          65.184    34632.3
   519     5.19000    0.01000  20001151    1.4689e-04    9.9108e-05          65.362    34554.7
   520     5.20000    0.01000  20000825    1.4769e-04    9.9627e-05          65.093    34476.9
5.200000e+00	20000825	2.473208e-04	1.476938e-04	9.962704e-05	4.016852e-06	2.696563e-06	0.000000e+00	1.869050e-09
Saved checkpoint: marshak_wave_multigroup_powerlaw_imc_10g_checkpoint.pkl (step=520, t=5.200000 ns)
   521     5.21000    0.01000  19999653    1.4852e-04    1.0011e-04          66.936    34400.8
   522     5.22000    0.01000  20001184    1.4934e-04    1.0059e-04          64.948    34323.0
   523     5.23000    0.01000  20000201    1.5015e-04    1.0107e-04          64.878    34245.1
   524     5.24000    0.01000  20000957    1.5095e-04    1.0154e-04          64.862    34167.3
   525     5.25000    0.01000  20000598    1.5177e-04    1.0199e-04          64.654    34089.4
5.250000e+00	20000598	2.537599e-04	1.517686e-04	1.019912e-04	4.016852e-06	2.752905e-06	0.000000e+00	7.008221e-10
   526     5.26000    0.01000  19999624    1.5258e-04    1.0242e-04          64.859    34011.7
   527     5.27000    0.01000  20001045    1.5340e-04    1.0285e-04          64.682    33933.8
   528     5.28000    0.01000  20001091    1.5421e-04    1.0328e-04          64.788    33856.1
   529     5.29000    0.01000  19999635    1.5502e-04    1.0368e-04          64.488    33778.2
   530     5.30000    0.01000  20000475    1.5584e-04    1.0407e-04          64.784    33700.7
5.300000e+00	20000475	2.599161e-04	1.558443e-04	1.040719e-04	4.016852e-06	2.801586e-06	0.000000e+00	4.750651e-11
Saved checkpoint: marshak_wave_multigroup_powerlaw_imc_10g_checkpoint.pkl (step=530, t=5.300000 ns)
   531     5.31000    0.01000  19999945    1.5666e-04    1.0445e-04          66.518    33624.6
   532     5.32000    0.01000  20000066    1.5748e-04    1.0482e-04          64.639    33547.0
   533     5.33000    0.01000  19999519    1.5828e-04    1.0521e-04          64.184    33469.0
   534     5.34000    0.01000  20000717    1.5909e-04    1.0558e-04          64.359    33391.3
   535     5.35000    0.01000  20000825    1.5989e-04    1.0594e-04          64.265    33313.5
5.350000e+00	20000825	2.658299e-04	1.598892e-04	1.059407e-04	4.016852e-06	2.853251e-06	0.000000e+00	1.750923e-09
   536     5.36000    0.01000  19999926    1.6070e-04    1.0627e-04          64.321    33235.8
   537     5.37000    0.01000  20000233    1.6152e-04    1.0660e-04          64.399    33158.2
   538     5.38000    0.01000  20000756    1.6231e-04    1.0693e-04          64.189    33080.5
   539     5.39000    0.01000  20000550    1.6310e-04    1.0727e-04          64.279    33002.9
   540     5.40000    0.01000  20000746    1.6392e-04    1.0758e-04          64.067    32925.1
5.400000e+00	20000746	2.714989e-04	1.639167e-04	1.075822e-04	4.016852e-06	2.888393e-06	0.000000e+00	1.455352e-09
Saved checkpoint: marshak_wave_multigroup_powerlaw_imc_10g_checkpoint.pkl (step=540, t=5.400000 ns)
   541     5.41000    0.01000  20000418    1.6472e-04    1.0789e-04          65.709    32848.9
   542     5.42000    0.01000  20001731    1.6553e-04    1.0820e-04          64.074    32771.2
   543     5.43000    0.01000  20000444    1.6634e-04    1.0849e-04          64.088    32693.7
   544     5.44000    0.01000  20000362    1.6713e-04    1.0880e-04          64.155    32616.2
   545     5.45000    0.01000  20000300    1.6794e-04    1.0907e-04          64.233    32538.9
5.450000e+00	20000300	2.770167e-04	1.679428e-04	1.090739e-04	4.016852e-06	2.926868e-06	0.000000e+00	-7.885179e-10
   546     5.46000    0.01000  20000796    1.6874e-04    1.0937e-04          64.141    32461.5
   547     5.47000    0.01000  20000179    1.6954e-04    1.0964e-04          63.847    32383.9
   548     5.48000    0.01000  20000437    1.7032e-04    1.0993e-04          63.989    32306.5
   549     5.49000    0.01000  20001334    1.7114e-04    1.1019e-04          64.235    32229.4
   550     5.50000    0.01000  20000139    1.7193e-04    1.1046e-04          64.031    32152.1
5.500000e+00	20000139	2.823853e-04	1.719289e-04	1.104564e-04	4.016852e-06	2.956872e-06	0.000000e+00	-1.662866e-09
Saved checkpoint: marshak_wave_multigroup_powerlaw_imc_10g_checkpoint.pkl (step=550, t=5.500000 ns)
   551     5.51000    0.01000  20000005    1.7271e-04    1.1073e-04          65.529    32076.1
   552     5.52000    0.01000  20000844    1.7352e-04    1.1098e-04          63.910    31998.8
   553     5.53000    0.01000  20000247    1.7431e-04    1.1123e-04          63.637    31921.4
   554     5.54000    0.01000  20000265    1.7510e-04    1.1148e-04          63.885    31844.2
   555     5.55000    0.01000  20000133    1.7591e-04    1.1172e-04          63.625    31766.8
5.550000e+00	20000133	2.876228e-04	1.759054e-04	1.117174e-04	4.016852e-06	2.980557e-06	0.000000e+00	-1.867728e-09
   556     5.56000    0.01000  20001124    1.7671e-04    1.1195e-04          63.442    31689.4
   557     5.57000    0.01000  20001338    1.7748e-04    1.1221e-04          63.560    31612.1
   558     5.58000    0.01000  20001277    1.7830e-04    1.1240e-04          63.518    31534.8
   559     5.59000    0.01000  20000612    1.7909e-04    1.1264e-04          63.493    31457.5
   560     5.60000    0.01000  20000916    1.7987e-04    1.1287e-04          63.642    31380.4
5.600000e+00	20000916	2.927442e-04	1.798707e-04	1.128735e-04	4.016852e-06	3.001619e-06	0.000000e+00	2.374259e-09
Saved checkpoint: marshak_wave_multigroup_powerlaw_imc_10g_checkpoint.pkl (step=560, t=5.600000 ns)
   561     5.61000    0.01000  20000328    1.8065e-04    1.1311e-04          65.462    31304.8
   562     5.62000    0.01000  20000023    1.8146e-04    1.1330e-04          63.542    31227.7
   563     5.63000    0.01000  20001007    1.8226e-04    1.1350e-04          63.717    31150.8
   564     5.64000    0.01000  20000895    1.8303e-04    1.1372e-04          63.523    31073.8
   565     5.65000    0.01000  19999537    1.8382e-04    1.1391e-04          63.415    30996.7
5.650000e+00	19999537	2.977358e-04	1.838223e-04	1.139135e-04	4.016852e-06	3.030831e-06	0.000000e+00	-5.376713e-09
   566     5.66000    0.01000  20000828    1.8460e-04    1.1413e-04          63.293    30919.7
   567     5.67000    0.01000  19999970    1.8539e-04    1.1433e-04          63.343    30842.7
   568     5.68000    0.01000  20000863    1.8617e-04    1.1453e-04          63.057    30765.5
   569     5.69000    0.01000  20000994    1.8696e-04    1.1472e-04          63.173    30688.5
   570     5.70000    0.01000  20001098    1.8774e-04    1.1491e-04          63.143    30611.4
5.700000e+00	20001098	3.026489e-04	1.877369e-04	1.149120e-04	4.016852e-06	3.044112e-06	0.000000e+00	3.630094e-09
Saved checkpoint: marshak_wave_multigroup_powerlaw_imc_10g_checkpoint.pkl (step=570, t=5.700000 ns)
   571     5.71000    0.01000  19999650    1.8852e-04    1.1511e-04          64.842    30535.8
   572     5.72000    0.01000  20000662    1.8931e-04    1.1529e-04          63.659    30459.2
   573     5.73000    0.01000  19999752    1.9008e-04    1.1549e-04          63.042    30382.3
   574     5.74000    0.01000  20000568    1.9084e-04    1.1570e-04          63.272    30305.6
   575     5.75000    0.01000  20000022    1.9160e-04    1.1590e-04          63.263    30228.9
5.750000e+00	20000022	3.074967e-04	1.915997e-04	1.158970e-04	4.016852e-06	3.053645e-06	0.000000e+00	-2.674863e-09
   576     5.76000    0.01000  20000825    1.9239e-04    1.1605e-04          63.374    30152.3
   577     5.77000    0.01000  20000110    1.9317e-04    1.1622e-04          63.064    30075.6
   578     5.78000    0.01000  20000945    1.9395e-04    1.1639e-04          63.192    29999.0
   579     5.79000    0.01000  19999924    1.9472e-04    1.1656e-04          63.091    29922.4
   580     5.80000    0.01000  19999933    1.9549e-04    1.1673e-04          62.982    29845.7
5.800000e+00	19999933	3.122202e-04	1.954926e-04	1.167277e-04	4.016852e-06	3.074964e-06	0.000000e+00	-3.080818e-09
Saved checkpoint: marshak_wave_multigroup_powerlaw_imc_10g_checkpoint.pkl (step=580, t=5.800000 ns)
   581     5.81000    0.01000  20000604    1.9626e-04    1.1690e-04          64.970    29770.5
   582     5.82000    0.01000  20000535    1.9703e-04    1.1707e-04          62.857    29693.9
   583     5.83000    0.01000  20001422    1.9780e-04    1.1723e-04          62.856    29617.3
   584     5.84000    0.01000  19999944    1.9855e-04    1.1741e-04          62.974    29540.8
   585     5.85000    0.01000  19999446    1.9933e-04    1.1755e-04          63.093    29464.4
5.850000e+00	19999446	3.168816e-04	1.993301e-04	1.175515e-04	4.016852e-06	3.085354e-06	0.000000e+00	-6.187270e-09
   586     5.86000    0.01000  20000453    2.0009e-04    1.1773e-04          63.145    29388.2
   587     5.87000    0.01000  20001832    2.0085e-04    1.1789e-04          62.765    29311.7
   588     5.88000    0.01000  20000745    2.0161e-04    1.1806e-04          62.868    29235.3
   589     5.89000    0.01000  20000042    2.0235e-04    1.1822e-04          62.816    29158.9
   590     5.90000    0.01000  20000119    2.0311e-04    1.1837e-04          62.668    29082.5
5.900000e+00	20000119	3.214784e-04	2.031105e-04	1.183679e-04	4.016852e-06	3.104981e-06	0.000000e+00	-2.337149e-09
Saved checkpoint: marshak_wave_multigroup_powerlaw_imc_10g_checkpoint.pkl (step=590, t=5.900000 ns)
   591     5.91000    0.01000  20000880    2.0387e-04    1.1852e-04          64.983    29007.7
   592     5.92000    0.01000  20001727    2.0464e-04    1.1866e-04          63.228    28931.8
   593     5.93000    0.01000  20001160    2.0538e-04    1.1882e-04          62.789    28855.6
   594     5.94000    0.01000  20001092    2.0613e-04    1.1898e-04          62.682    28779.3
   595     5.95000    0.01000  20000490    2.0691e-04    1.1910e-04          62.906    28703.3
5.950000e+00	20000490	3.260108e-04	2.069078e-04	1.191030e-04	4.016852e-06	3.112698e-06	0.000000e+00	1.645317e-10
   596     5.96000    0.01000  20001068    2.0763e-04    1.1927e-04          62.871    28627.3
   597     5.97000    0.01000  20001392    2.0840e-04    1.1941e-04          62.921    28551.4
   598     5.98000    0.01000  20000138    2.0912e-04    1.1957e-04          62.810    28475.4
   599     5.99000    0.01000  20000720    2.0987e-04    1.1971e-04          62.668    28399.4
   600     6.00000    0.01000  20001043    2.1059e-04    1.1988e-04          62.937    28323.6
6.000000e+00	20001043	3.304625e-04	2.105870e-04	1.198755e-04	4.016852e-06	3.135911e-06	0.000000e+00	3.323601e-09
Saved checkpoint: marshak_wave_multigroup_powerlaw_imc_10g_checkpoint.pkl (step=600, t=6.000000 ns)
   601     6.01000    0.01000  20000082    2.1132e-04    1.2002e-04          64.835    28249.1
   602     6.02000    0.01000  20001580    2.1204e-04    1.2020e-04          63.343    28173.6
   603     6.03000    0.01000  20000505    2.1279e-04    1.2033e-04          62.885    28097.9
   604     6.04000    0.01000  20000948    2.1354e-04    1.2047e-04          62.785    28022.2
   605     6.05000    0.01000  20000188    2.1426e-04    1.2061e-04          62.858    27946.5
6.050000e+00	20000188	3.348748e-04	2.142640e-04	1.206108e-04	4.016852e-06	3.142754e-06	0.000000e+00	-1.617917e-09
   606     6.06000    0.01000  20000872    2.1502e-04    1.2073e-04          62.941    27871.0
   607     6.07000    0.01000  20000809    2.1577e-04    1.2086e-04          62.805    27795.4
   608     6.08000    0.01000  20001557    2.1651e-04    1.2100e-04          62.539    27719.7
   609     6.09000    0.01000  20000449    2.1724e-04    1.2114e-04          62.637    27644.1
   610     6.10000    0.01000  19999195    2.1798e-04    1.2124e-04          62.560    27568.4
6.100000e+00	19999195	3.392234e-04	2.179801e-04	1.212433e-04	4.016852e-06	3.161475e-06	0.000000e+00	-7.897661e-09
Saved checkpoint: marshak_wave_multigroup_powerlaw_imc_10g_checkpoint.pkl (step=610, t=6.100000 ns)
   611     6.11000    0.01000  20000904    2.1869e-04    1.2139e-04          64.630    27494.2
   612     6.12000    0.01000  20000764    2.1942e-04    1.2153e-04          63.085    27419.0
   613     6.13000    0.01000  20000254    2.2014e-04    1.2166e-04          62.431    27343.4
   614     6.14000    0.01000  20000705    2.2085e-04    1.2179e-04          62.599    27268.0
   615     6.15000    0.01000  20000938    2.2159e-04    1.2191e-04          62.399    27192.4
6.150000e+00	20000938	3.435015e-04	2.215881e-04	1.219134e-04	4.016852e-06	3.164181e-06	0.000000e+00	2.595987e-09
   616     6.16000    0.01000  20000920    2.2229e-04    1.2207e-04          62.610    27117.1
   617     6.17000    0.01000  19999807    2.2301e-04    1.2218e-04          62.432    27041.7
   618     6.18000    0.01000  20000020    2.2378e-04    1.2226e-04          62.683    26966.5
   619     6.19000    0.01000  20000604    2.2449e-04    1.2240e-04          62.558    26891.2
   620     6.20000    0.01000  20000112    2.2522e-04    1.2250e-04          62.507    26816.0
6.200000e+00	20000112	3.477230e-04	2.252234e-04	1.224996e-04	4.016852e-06	3.177007e-06	0.000000e+00	-2.294493e-09
Saved checkpoint: marshak_wave_multigroup_powerlaw_imc_10g_checkpoint.pkl (step=620, t=6.200000 ns)
   621     6.21000    0.01000  20001232    2.2594e-04    1.2263e-04          64.132    26741.8
   622     6.22000    0.01000  19999858    2.2665e-04    1.2276e-04          62.445    26666.5
   623     6.23000    0.01000  19999213    2.2739e-04    1.2285e-04          62.383    26591.3
   624     6.24000    0.01000  20000822    2.2812e-04    1.2296e-04          62.470    26516.2
   625     6.25000    0.01000  20001259    2.2885e-04    1.2309e-04          62.448    26441.2
6.250000e+00	20001259	3.519358e-04	2.288470e-04	1.230887e-04	4.016852e-06	3.169353e-06	0.000000e+00	4.844333e-09
   626     6.26000    0.01000  19999792    2.2954e-04    1.2323e-04          62.262    26366.0
   627     6.27000    0.01000  20000477    2.3024e-04    1.2336e-04          62.333    26290.9
   628     6.28000    0.01000  19999780    2.3094e-04    1.2349e-04          62.571    26216.1
   629     6.29000    0.01000  19999442    2.3166e-04    1.2359e-04          62.490    26141.2
   630     6.30000    0.01000  20000016    2.3233e-04    1.2374e-04          62.521    26066.3
6.300000e+00	20000016	3.560723e-04	2.323305e-04	1.237418e-04	4.016852e-06	3.191711e-06	0.000000e+00	-3.035227e-09
Saved checkpoint: marshak_wave_multigroup_powerlaw_imc_10g_checkpoint.pkl (step=630, t=6.300000 ns)
   631     6.31000    0.01000  20000283    2.3307e-04    1.2383e-04          63.973    25992.4
   632     6.32000    0.01000  20001733    2.3378e-04    1.2396e-04          62.008    25917.3
   633     6.33000    0.01000  19999980    2.3449e-04    1.2406e-04          62.557    25842.6
   634     6.34000    0.01000  19999954    2.3519e-04    1.2417e-04          62.522    25767.9
   635     6.35000    0.01000  20001693    2.3589e-04    1.2430e-04          62.455    25693.3
6.350000e+00	20001693	3.601885e-04	2.358905e-04	1.242980e-04	4.016852e-06	3.196155e-06	0.000000e+00	7.211059e-09
   636     6.36000    0.01000  20000806    2.3660e-04    1.2441e-04          62.338    25618.5
   637     6.37000    0.01000  20000338    2.3729e-04    1.2452e-04          62.057    25543.7
   638     6.38000    0.01000  20000296    2.3797e-04    1.2467e-04          62.481    25469.2
   639     6.39000    0.01000  20000354    2.3865e-04    1.2480e-04          62.184    25394.5
   640     6.40000    0.01000  19999750    2.3934e-04    1.2492e-04          62.063    25319.8
