/Users/ryanmcclarren/Dropbox/Papers/RadTranBook/IMC/IMCSlab.py:158: RuntimeWarning: invalid value encountered in divide
  ew_cen = np.where(ncen_desired > 0, ecen / ncen_desired, 0.0)
/Users/ryanmcclarren/Dropbox/Papers/RadTranBook/IMC/IMC1D_CarterForest.py:506: RuntimeWarning: invalid value encountered in divide
  ew_cen = np.where(ncen_desired > 0, ecen / ncen_desired, 0.0)
/Users/ryanmcclarren/Dropbox/Papers/RadTranBook/IMC/IMCSlab.py:158: RuntimeWarning: invalid value encountered in divide
  ew_cen = np.where(ncen_desired > 0, ecen / ncen_desired, 0.0)

============================================================
Running dt = 0.025 ns to t = 1.0 ns
============================================================

Fleck-Cummings IMC:
Time	N	Total Energy	Total Internal Energy	Total Radiation Energy	Boundary Emission	Lost Energy
===============================================================================================================
0.000000	5032	0.000006	0.000006	0.000000	0.000000	0.000000
  FC: t=0.0250 N=    0 E=0.002577 dE=6.332e-17
  FC: t=0.5250 N=20009 E=0.010806 dE=1.492e-07
  FC: t=1.0000 N=19999 E=0.013565 dE=-4.158e-08

Carter-Forest IMC:
Carter-Forest IMC Initialization
===============================================================================================================
Time	N	Total Energy	Total Internal Energy	Total Radiation Energy	Boundary Emission	Lost Energy
===============================================================================================================
0.000000	5000	0.000006	0.000006	0.000000	0.000000	0.000000
0.025000	20000	0.000881	0.000881	0.000000	0.002571	-0.000000
  CF: t=0.0250 N=20000 E=0.000881 dE=-4.337e-19
0.050000	20052	0.001594	0.001561	0.000033	0.002571	0.000000
0.075000	20049	0.002244	0.002201	0.000044	0.002571	0.000000
0.100000	20043	0.002776	0.002701	0.000075	0.002571	0.000000
0.125000	20028	0.003255	0.003171	0.000084	0.002571	-0.000000
0.150000	20016	0.003666	0.003564	0.000101	0.002571	-0.000000
0.175000	20028	0.004053	0.003944	0.000109	0.002571	-0.000000
0.200000	20027	0.004436	0.004309	0.000127	0.002571	-0.000000
0.225000	20016	0.004787	0.004646	0.000141	0.002571	-0.000000
0.250000	20025	0.005123	0.004965	0.000158	0.002571	-0.000000
0.275000	20026	0.005440	0.005274	0.000166	0.002571	0.000000
0.300000	20034	0.005705	0.005517	0.000187	0.002571	0.000000
0.325000	20024	0.006012	0.005842	0.000170	0.002571	-0.000000
0.350000	20004	0.006246	0.006060	0.000186	0.002571	-0.000000
0.375000	20014	0.006525	0.006330	0.000195	0.002571	-0.000000
0.400000	20033	0.006797	0.006596	0.000200	0.002571	0.000000
0.425000	20046	0.007025	0.006826	0.000199	0.002571	0.000000
0.450000	20034	0.007309	0.007089	0.000220	0.002571	0.000000
0.475000	20011	0.007541	0.007320	0.000221	0.002571	-0.000000
0.500000	20021	0.007768	0.007539	0.000229	0.002571	-0.000000
0.525000	20032	0.007997	0.007768	0.000229	0.002571	0.000000
  CF: t=0.5250 N=20032 E=0.007997 dE=5.721e-08
0.550000	20034	0.008213	0.007965	0.000249	0.002571	0.000000
0.575000	20007	0.008459	0.008215	0.000245	0.002571	-0.000000
0.600000	20039	0.008634	0.008371	0.000262	0.002571	0.000000
0.625000	20014	0.008845	0.008580	0.000266	0.002571	-0.000000
0.650000	20018	0.009053	0.008762	0.000291	0.002571	-0.000000
0.675000	20041	0.009253	0.008977	0.000276	0.002571	0.000000
0.700000	20019	0.009424	0.009146	0.000279	0.002571	-0.000000
0.725000	20018	0.009604	0.009341	0.000263	0.002571	-0.000000
0.750000	20023	0.009811	0.009518	0.000293	0.002571	-0.000000
0.775000	20025	0.010005	0.009720	0.000286	0.002571	0.000000
0.800000	20030	0.010145	0.009843	0.000302	0.002571	0.000000
0.825000	20035	0.010305	0.010020	0.000285	0.002571	0.000000
0.850000	20015	0.010512	0.010201	0.000311	0.002571	-0.000000
0.875000	20013	0.010695	0.010399	0.000295	0.002571	-0.000000
0.900000	20035	0.010871	0.010532	0.000339	0.002571	0.000000
0.925000	20031	0.011040	0.010697	0.000343	0.002571	0.000000
0.950000	20043	0.011196	0.010874	0.000322	0.002571	0.000000
0.975000	20047	0.011385	0.011036	0.000349	0.002571	0.000000
1.000000	20006	0.011496	0.011147	0.000349	0.002571	-0.000000
  CF: t=1.0000 N=20006 E=0.011496 dE=-3.147e-07

============================================================
Running dt = 0.025 ns to t = 5.0 ns
============================================================

Fleck-Cummings IMC:
Time	N	Total Energy	Total Internal Energy	Total Radiation Energy	Boundary Emission	Lost Energy
===============================================================================================================
0.000000	5032	0.000006	0.000006	0.000000	0.000000	0.000000
  FC: t=0.0250 N=    0 E=0.002577 dE=6.332e-17
  FC: t=0.5250 N=20027 E=0.010669 dE=4.302e-07
  FC: t=1.0250 N=20020 E=0.013568 dE=4.171e-07
  FC: t=1.5250 N=20038 E=0.016055 dE=9.171e-07
  FC: t=2.0250 N=19984 E=0.018223 dE=-4.450e-07
  FC: t=2.5250 N=20008 E=0.020126 dE=2.459e-07
  FC: t=3.0250 N=19978 E=0.021867 dE=-7.732e-07
  FC: t=3.5250 N=20000 E=0.023484 dE=7.341e-08
  FC: t=4.0250 N=19987 E=0.025020 dE=-5.504e-07
  FC: t=4.5250 N=20010 E=0.026555 dE=3.710e-07
  FC: t=5.0000 N=19979 E=0.027818 dE=-9.725e-07

Carter-Forest IMC:
Carter-Forest IMC Initialization
===============================================================================================================
Time	N	Total Energy	Total Internal Energy	Total Radiation Energy	Boundary Emission	Lost Energy
===============================================================================================================
0.000000	5000	0.000006	0.000006	0.000000	0.000000	0.000000
0.025000	20000	0.000890	0.000890	0.000000	0.002571	-0.000000
  CF: t=0.0250 N=20000 E=0.000890 dE=-6.505e-19
0.050000	20044	0.001662	0.001623	0.000040	0.002571	0.000000
0.075000	20023	0.002308	0.002255	0.000054	0.002571	-0.000000
0.100000	20019	0.002822	0.002737	0.000085	0.002571	-0.000000
0.125000	20032	0.003287	0.003196	0.000092	0.002571	0.000000
0.150000	20016	0.003682	0.003575	0.000107	0.002571	-0.000000
0.175000	20018	0.004104	0.003992	0.000112	0.002571	-0.000000
0.200000	20014	0.004512	0.004383	0.000129	0.002571	-0.000000
0.225000	20015	0.004821	0.004686	0.000134	0.002571	-0.000000
0.250000	20028	0.005153	0.005008	0.000146	0.002571	0.000000
0.275000	20043	0.005490	0.005316	0.000174	0.002571	0.000000
0.300000	20027	0.005799	0.005628	0.000171	0.002571	0.000000
0.325000	20024	0.006087	0.005914	0.000173	0.002571	0.000000
0.350000	19996	0.006377	0.006183	0.000194	0.002571	-0.000000
0.375000	20017	0.006705	0.006517	0.000188	0.002571	-0.000000
0.400000	20009	0.006968	0.006746	0.000223	0.002571	-0.000000
0.425000	20034	0.007171	0.006966	0.000205	0.002571	0.000000
0.450000	20004	0.007396	0.007174	0.000222	0.002571	-0.000000
0.475000	20022	0.007600	0.007379	0.000221	0.002571	0.000000
0.500000	20029	0.007836	0.007588	0.000249	0.002571	0.000000
0.525000	20023	0.008043	0.007808	0.000234	0.002571	0.000000
  CF: t=0.5250 N=20023 E=0.008043 dE=4.684e-08
0.550000	20010	0.008282	0.008043	0.000238	0.002571	-0.000000
0.575000	20036	0.008478	0.008219	0.000259	0.002571	0.000000
0.600000	20022	0.008674	0.008418	0.000256	0.002571	0.000000
0.625000	20009	0.008842	0.008572	0.000270	0.002571	-0.000000
0.650000	20016	0.009053	0.008792	0.000261	0.002571	-0.000000
0.675000	20018	0.009271	0.008980	0.000291	0.002571	-0.000000
0.700000	20009	0.009440	0.009157	0.000283	0.002571	-0.000000
0.725000	20026	0.009622	0.009332	0.000291	0.002571	0.000000
0.750000	19995	0.009813	0.009514	0.000299	0.002571	-0.000000
0.775000	20038	0.009995	0.009689	0.000306	0.002571	0.000000
0.800000	20014	0.010201	0.009893	0.000308	0.002571	-0.000000
0.825000	20029	0.010359	0.010057	0.000302	0.002571	0.000000
0.850000	20014	0.010524	0.010206	0.000317	0.002571	-0.000000
0.875000	20001	0.010681	0.010369	0.000312	0.002571	-0.000000
0.900000	20029	0.010851	0.010532	0.000319	0.002571	0.000000
0.925000	20024	0.011038	0.010685	0.000354	0.002571	0.000000
0.950000	20013	0.011226	0.010878	0.000349	0.002571	-0.000000
0.975000	20032	0.011376	0.011021	0.000355	0.002571	0.000000
1.000000	20028	0.011543	0.011185	0.000358	0.002571	0.000000
1.025000	20012	0.011711	0.011372	0.000339	0.002571	-0.000000
  CF: t=1.0250 N=20012 E=0.011711 dE=-1.186e-07
1.050000	20008	0.011848	0.011487	0.000361	0.002571	-0.000000
1.075000	20022	0.012005	0.011633	0.000371	0.002571	0.000000
1.100000	20012	0.012158	0.011806	0.000352	0.002571	-0.000000
1.125000	20016	0.012297	0.011940	0.000357	0.002571	-0.000000
1.150000	20037	0.012403	0.012006	0.000397	0.002571	0.000000
1.175000	20014	0.012550	0.012184	0.000366	0.002571	-0.000000
1.200000	20021	0.012674	0.012311	0.000363	0.002571	0.000000
1.225000	19990	0.012826	0.012445	0.000381	0.002571	-0.000001
1.250000	20016	0.012993	0.012590	0.000402	0.002571	-0.000000
1.275000	20031	0.013156	0.012765	0.000391	0.002571	0.000000
1.300000	20007	0.013288	0.012886	0.000401	0.002571	-0.000000
1.325000	20029	0.013400	0.013007	0.000394	0.002571	0.000000
1.350000	20011	0.013550	0.013134	0.000417	0.002571	-0.000000
1.375000	20009	0.013683	0.013273	0.000410	0.002571	-0.000000
1.400000	20009	0.013871	0.013452	0.000419	0.002571	-0.000000
1.425000	20005	0.013985	0.013570	0.000415	0.002571	-0.000000
1.450000	20042	0.014109	0.013671	0.000438	0.002571	0.000001
1.475000	20019	0.014269	0.013850	0.000418	0.002571	-0.000000
1.500000	19997	0.014399	0.013961	0.000438	0.002571	-0.000001
1.525000	20031	0.014581	0.014118	0.000463	0.002571	0.000000
  CF: t=1.5250 N=20031 E=0.014581 dE=2.779e-07
1.550000	20024	0.014718	0.014259	0.000459	0.002571	0.000000
1.575000	20004	0.014865	0.014421	0.000444	0.002571	-0.000000
1.600000	20019	0.014960	0.014512	0.000448	0.002571	0.000000
1.625000	20007	0.015084	0.014631	0.000453	0.002571	-0.000000
1.650000	20030	0.015210	0.014738	0.000472	0.002571	0.000000
1.675000	20026	0.015352	0.014871	0.000481	0.002571	0.000000
1.700000	20033	0.015474	0.014952	0.000522	0.002571	0.000000
1.725000	19997	0.015554	0.015081	0.000473	0.002571	-0.000000
1.750000	20011	0.015676	0.015207	0.000469	0.002571	-0.000000
1.775000	20034	0.015754	0.015274	0.000480	0.002571	0.000000
1.800000	20012	0.015893	0.015428	0.000465	0.002571	-0.000000
1.825000	19995	0.016029	0.015548	0.000481	0.002571	-0.000001
1.850000	20011	0.016120	0.015627	0.000492	0.002571	-0.000000
1.875000	20021	0.016206	0.015728	0.000478	0.002571	0.000000
1.900000	20012	0.016348	0.015873	0.000475	0.002571	-0.000000
1.925000	20023	0.016466	0.015948	0.000518	0.002571	0.000000
1.950000	20047	0.016513	0.016035	0.000478	0.002571	0.000001
1.975000	20047	0.016582	0.016112	0.000470	0.002571	0.000001
2.000000	20029	0.016716	0.016241	0.000474	0.002571	0.000000
2.025000	20019	0.016863	0.016331	0.000532	0.002571	0.000000
  CF: t=2.0250 N=20019 E=0.016863 dE=2.660e-08
2.050000	20020	0.016998	0.016481	0.000518	0.002571	0.000000
2.075000	20028	0.017101	0.016589	0.000512	0.002571	0.000000
2.100000	20038	0.017216	0.016732	0.000484	0.002571	0.000001
2.125000	20028	0.017319	0.016774	0.000545	0.002571	0.000000
2.150000	20035	0.017431	0.016862	0.000568	0.002571	0.000001
2.175000	20017	0.017557	0.017051	0.000506	0.002571	0.000000
2.200000	20029	0.017638	0.017106	0.000533	0.002571	0.000000
2.225000	19991	0.017743	0.017213	0.000530	0.002571	-0.000001
2.250000	20010	0.017850	0.017317	0.000533	0.002571	-0.000000
2.275000	19992	0.017981	0.017448	0.000533	0.002571	-0.000001
2.300000	20034	0.018090	0.017516	0.000574	0.002571	0.000001
2.325000	20002	0.018191	0.017666	0.000525	0.002571	-0.000000
2.350000	20003	0.018291	0.017738	0.000553	0.002571	-0.000000
2.375000	19998	0.018418	0.017870	0.000548	0.002571	-0.000001
2.400000	19992	0.018533	0.017960	0.000573	0.002571	-0.000001
2.425000	20007	0.018676	0.018105	0.000571	0.002571	-0.000000
2.450000	20032	0.018765	0.018190	0.000575	0.002571	0.000000
2.475000	20009	0.018851	0.018263	0.000588	0.002571	-0.000000
2.500000	20010	0.018938	0.018398	0.000540	0.002571	-0.000000
2.525000	20018	0.018989	0.018415	0.000574	0.002571	0.000000
  CF: t=2.5250 N=20018 E=0.018989 dE=1.434e-07
2.550000	20007	0.019112	0.018549	0.000563	0.002571	-0.000000
2.575000	20012	0.019197	0.018594	0.000604	0.002571	0.000000
2.600000	20018	0.019307	0.018725	0.000582	0.002571	0.000000
2.625000	20013	0.019410	0.018826	0.000584	0.002571	-0.000000
2.650000	20009	0.019574	0.018954	0.000620	0.002571	-0.000000
2.675000	20024	0.019653	0.019052	0.000601	0.002571	0.000000
2.700000	20002	0.019794	0.019192	0.000602	0.002571	-0.000000
2.725000	20033	0.019870	0.019282	0.000588	0.002571	0.000001
2.750000	20012	0.019990	0.019385	0.000605	0.002571	-0.000000
2.775000	20015	0.020068	0.019470	0.000597	0.002571	0.000000
2.800000	20015	0.020152	0.019553	0.000599	0.002571	0.000000
2.825000	20027	0.020263	0.019670	0.000593	0.002571	0.000000
2.850000	20003	0.020366	0.019777	0.000589	0.002571	-0.000000
2.875000	20039	0.020460	0.019832	0.000628	0.002571	0.000001
2.900000	20015	0.020544	0.019926	0.000619	0.002571	0.000000
2.925000	20026	0.020607	0.019961	0.000645	0.002571	0.000000
2.950000	20014	0.020722	0.020094	0.000628	0.002571	0.000000
2.975000	20038	0.020795	0.020181	0.000614	0.002571	0.000001
3.000000	20034	0.020876	0.020245	0.000631	0.002571	0.000001
3.025000	20020	0.020957	0.020317	0.000640	0.002571	0.000000
  CF: t=3.0250 N=20020 E=0.020957 dE=1.918e-07
3.050000	20003	0.021043	0.020404	0.000639	0.002571	-0.000000
3.075000	20006	0.021185	0.020553	0.000632	0.002571	-0.000000
3.100000	20000	0.021268	0.020609	0.000660	0.002571	-0.000000
3.125000	20030	0.021355	0.020696	0.000660	0.002571	0.000000
3.150000	20001	0.021459	0.020798	0.000662	0.002571	-0.000000
3.175000	20036	0.021646	0.020997	0.000649	0.002571	0.000001
3.200000	20001	0.021691	0.021012	0.000679	0.002571	-0.000000
3.225000	20015	0.021771	0.021108	0.000663	0.002571	0.000000
3.250000	20035	0.021848	0.021153	0.000695	0.002571	0.000001
3.275000	20009	0.021910	0.021233	0.000677	0.002571	-0.000000
3.300000	20009	0.021955	0.021256	0.000700	0.002571	-0.000000
3.325000	19989	0.022092	0.021422	0.000670	0.002571	-0.000001
3.350000	20017	0.022200	0.021522	0.000679	0.002571	0.000000
3.375000	20019	0.022295	0.021583	0.000711	0.002571	0.000000
3.400000	20027	0.022374	0.021654	0.000719	0.002571	0.000001
3.425000	20005	0.022414	0.021711	0.000704	0.002571	-0.000000
3.450000	20010	0.022514	0.021824	0.000690	0.002571	-0.000000
3.475000	20037	0.022577	0.021908	0.000668	0.002571	0.000001
3.500000	20012	0.022650	0.021947	0.000703	0.002571	0.000000
3.525000	20012	0.022720	0.022013	0.000707	0.002571	-0.000000
  CF: t=3.5250 N=20012 E=0.022720 dE=-3.539e-08
3.550000	20008	0.022791	0.022082	0.000709	0.002571	-0.000000
3.575000	20025	0.022877	0.022180	0.000697	0.002571	0.000000
3.600000	20007	0.022891	0.022215	0.000676	0.002571	-0.000000
3.625000	20020	0.022996	0.022279	0.000718	0.002571	0.000000
3.650000	20004	0.023059	0.022381	0.000678	0.002571	-0.000000
3.675000	19997	0.023139	0.022452	0.000687	0.002571	-0.000001
3.700000	19987	0.023232	0.022511	0.000721	0.002571	-0.000001
3.725000	20008	0.023333	0.022606	0.000727	0.002571	-0.000000
3.750000	20006	0.023383	0.022673	0.000710	0.002571	-0.000000
3.775000	20007	0.023492	0.022804	0.000688	0.002571	-0.000000
3.800000	20017	0.023583	0.022856	0.000727	0.002571	0.000000
3.825000	20025	0.023671	0.022997	0.000674	0.002571	0.000000
3.850000	19985	0.023762	0.023034	0.000727	0.002571	-0.000001
3.875000	20040	0.023839	0.023176	0.000664	0.002571	0.000001
3.900000	20020	0.023929	0.023248	0.000681	0.002571	0.000000
3.925000	20013	0.024015	0.023336	0.000679	0.002571	0.000000
3.950000	20008	0.024108	0.023418	0.000691	0.002571	-0.000000
3.975000	19994	0.024232	0.023474	0.000758	0.002571	-0.000001
4.000000	19999	0.024311	0.023576	0.000736	0.002571	-0.000000
4.025000	20003	0.024414	0.023624	0.000791	0.002571	-0.000000
  CF: t=4.0250 N=20003 E=0.024414 dE=-2.769e-07
4.050000	20011	0.024478	0.023721	0.000758	0.002571	-0.000000
4.075000	20024	0.024537	0.023756	0.000782	0.002571	0.000000
4.100000	20013	0.024589	0.023820	0.000769	0.002571	0.000000
4.125000	20018	0.024632	0.023847	0.000785	0.002571	0.000000
4.150000	20003	0.024727	0.023976	0.000751	0.002571	-0.000000
4.175000	20023	0.024779	0.023979	0.000799	0.002571	0.000000
4.200000	20016	0.024912	0.024123	0.000789	0.002571	0.000000
4.225000	20027	0.025002	0.024226	0.000776	0.002571	0.000001
4.250000	19986	0.025056	0.024314	0.000742	0.002571	-0.000001
4.275000	19999	0.025130	0.024370	0.000761	0.002571	-0.000000
4.300000	19989	0.025216	0.024421	0.000795	0.002571	-0.000001
4.325000	20013	0.025260	0.024482	0.000778	0.002571	0.000000
4.350000	20014	0.025358	0.024568	0.000790	0.002571	0.000000
4.375000	20026	0.025413	0.024660	0.000753	0.002571	0.000001
4.400000	20034	0.025515	0.024740	0.000775	0.002571	0.000001
4.425000	20006	0.025589	0.024811	0.000777	0.002571	-0.000000
4.450000	19996	0.025655	0.024842	0.000814	0.002571	-0.000001
4.475000	20018	0.025738	0.024938	0.000800	0.002571	0.000000
4.500000	19998	0.025808	0.025012	0.000797	0.002571	-0.000001
4.525000	20001	0.025830	0.025011	0.000819	0.002571	-0.000000
  CF: t=4.5250 N=20001 E=0.025830 dE=-4.101e-07
4.550000	20044	0.025930	0.025168	0.000762	0.002571	0.000001
4.575000	20017	0.026004	0.025216	0.000788	0.002571	0.000000
4.600000	20036	0.026078	0.025345	0.000733	0.002571	0.000001
4.625000	20010	0.026169	0.025389	0.000780	0.002571	0.000000
4.650000	20007	0.026214	0.025365	0.000848	0.002571	-0.000000
4.675000	20027	0.026258	0.025461	0.000797	0.002571	0.000001
4.700000	20011	0.026371	0.025564	0.000807	0.002571	0.000000
4.725000	20008	0.026462	0.025678	0.000784	0.002571	0.000000
4.750000	20023	0.026545	0.025715	0.000829	0.002571	0.000000
4.775000	20024	0.026604	0.025795	0.000810	0.002571	0.000000
4.800000	20012	0.026666	0.025857	0.000808	0.002571	0.000000
4.825000	20018	0.026744	0.025958	0.000786	0.002571	0.000000
4.850000	20006	0.026754	0.025926	0.000829	0.002571	-0.000000
4.875000	19984	0.026823	0.026043	0.000780	0.002571	-0.000001
4.900000	20025	0.026955	0.026131	0.000824	0.002571	0.000001
4.925000	20015	0.026989	0.026190	0.000799	0.002571	0.000000
4.950000	20002	0.027055	0.026205	0.000850	0.002571	-0.000000
4.975000	19985	0.027143	0.026336	0.000808	0.002571	-0.000001
5.000000	20027	0.027220	0.026425	0.000795	0.002571	0.000001
  CF: t=5.0000 N=20027 E=0.027220 dE=8.337e-07

============================================================
Running dt = 0.025 ns to t = 10.0 ns
============================================================

Fleck-Cummings IMC:
Time	N	Total Energy	Total Internal Energy	Total Radiation Energy	Boundary Emission	Lost Energy
===============================================================================================================
0.000000	5032	0.000006	0.000006	0.000000	0.000000	0.000000
  FC: t=0.0250 N=    0 E=0.002577 dE=6.332e-17
  FC: t=0.5250 N=19972 E=0.010669 dE=-4.655e-07
  FC: t=1.0250 N=20011 E=0.013653 dE=2.476e-07
  FC: t=1.5250 N=19997 E=0.016076 dE=-1.204e-07
  FC: t=2.0250 N=19945 E=0.018317 dE=-1.563e-06
  FC: t=2.5250 N=20009 E=0.020208 dE=2.735e-07
  FC: t=3.0250 N=20003 E=0.022003 dE=6.992e-08
  FC: t=3.5250 N=19980 E=0.023582 dE=-7.482e-07
  FC: t=4.0250 N=20007 E=0.025008 dE=2.291e-07
  FC: t=4.5250 N=20004 E=0.026490 dE=1.208e-07
  FC: t=5.0250 N=19993 E=0.027827 dE=-3.391e-07
  FC: t=5.5250 N=19978 E=0.029193 dE=-9.413e-07
  FC: t=6.0250 N=20030 E=0.030472 dE=1.484e-06
  FC: t=6.5250 N=19982 E=0.031647 dE=-7.620e-07
  FC: t=7.0250 N=20005 E=0.032749 dE=2.899e-07
  FC: t=7.5250 N=20002 E=0.033874 dE=1.524e-07
  FC: t=8.0250 N=19971 E=0.034949 dE=-1.637e-06
  FC: t=8.5250 N=20011 E=0.035982 dE=5.415e-07
  FC: t=9.0250 N=20035 E=0.037119 dE=2.098e-06
  FC: t=9.5250 N=19997 E=0.038115 dE=-2.410e-07
  FC: t=10.0000 N=19973 E=0.039059 dE=-1.718e-06

Carter-Forest IMC:
Carter-Forest IMC Initialization
===============================================================================================================
Time	N	Total Energy	Total Internal Energy	Total Radiation Energy	Boundary Emission	Lost Energy
===============================================================================================================
0.000000	5000	0.000006	0.000006	0.000000	0.000000	0.000000
0.025000	20045	0.000865	0.000865	0.000000	0.002571	0.000000
  CF: t=0.0250 N=20045 E=0.000865 dE=0.000e+00
0.050000	20040	0.001605	0.001572	0.000033	0.002571	0.000000
0.075000	20031	0.002275	0.002208	0.000067	0.002571	0.000000
0.100000	20021	0.002767	0.002687	0.000080	0.002571	-0.000000
0.125000	20016	0.003285	0.003199	0.000086	0.002571	-0.000000
0.150000	20035	0.003717	0.003591	0.000125	0.002571	0.000000
0.175000	20030	0.004089	0.003968	0.000121	0.002571	0.000000
0.200000	20030	0.004467	0.004346	0.000122	0.002571	0.000000
0.225000	20029	0.004824	0.004680	0.000144	0.002571	0.000000
0.250000	20036	0.005137	0.004982	0.000154	0.002571	0.000000
0.275000	20022	0.005457	0.005298	0.000159	0.002571	0.000000
0.300000	20004	0.005746	0.005580	0.000166	0.002571	-0.000000
0.325000	20037	0.006011	0.005844	0.000167	0.002571	0.000000
0.350000	20020	0.006295	0.006118	0.000177	0.002571	-0.000000
0.375000	20027	0.006596	0.006397	0.000199	0.002571	0.000000
0.400000	20001	0.006856	0.006645	0.000212	0.002571	-0.000000
0.425000	20019	0.007091	0.006877	0.000213	0.002571	-0.000000
0.450000	20018	0.007342	0.007129	0.000212	0.002571	-0.000000
0.475000	19997	0.007579	0.007362	0.000217	0.002571	-0.000000
0.500000	19999	0.007776	0.007529	0.000247	0.002571	-0.000000
0.525000	20025	0.007988	0.007756	0.000232	0.002571	0.000000
  CF: t=0.5250 N=20025 E=0.007988 dE=4.621e-08
0.550000	20008	0.008181	0.007938	0.000244	0.002571	-0.000000
0.575000	20045	0.008423	0.008164	0.000259	0.002571	0.000000
0.600000	20018	0.008629	0.008374	0.000255	0.002571	-0.000000
0.625000	20010	0.008824	0.008558	0.000266	0.002571	-0.000000
0.650000	20026	0.009055	0.008797	0.000259	0.002571	0.000000
0.675000	20017	0.009246	0.008962	0.000284	0.002571	-0.000000
0.700000	20016	0.009428	0.009147	0.000281	0.002571	-0.000000
0.725000	20008	0.009587	0.009288	0.000299	0.002571	-0.000000
0.750000	20037	0.009794	0.009505	0.000290	0.002571	0.000000
0.775000	20017	0.009981	0.009687	0.000293	0.002571	-0.000000
0.800000	20038	0.010143	0.009866	0.000277	0.002571	0.000000
0.825000	20036	0.010305	0.009989	0.000316	0.002571	0.000000
0.850000	20025	0.010523	0.010201	0.000321	0.002571	0.000000
0.875000	20000	0.010687	0.010363	0.000324	0.002571	-0.000000
0.900000	20013	0.010852	0.010524	0.000328	0.002571	-0.000000
0.925000	20027	0.011050	0.010695	0.000355	0.002571	0.000000
0.950000	20019	0.011241	0.010904	0.000337	0.002571	-0.000000
0.975000	20007	0.011392	0.011080	0.000312	0.002571	-0.000000
1.000000	19996	0.011565	0.011233	0.000332	0.002571	-0.000000
1.025000	20021	0.011723	0.011385	0.000338	0.002571	0.000000
  CF: t=1.0250 N=20021 E=0.011723 dE=1.402e-11
1.050000	20017	0.011852	0.011507	0.000345	0.002571	-0.000000
1.075000	20027	0.011936	0.011581	0.000354	0.002571	0.000000
1.100000	19993	0.012118	0.011750	0.000368	0.002571	-0.000001
1.125000	20026	0.012259	0.011893	0.000366	0.002571	0.000000
1.150000	20018	0.012418	0.012054	0.000364	0.002571	-0.000000
1.175000	20002	0.012553	0.012172	0.000381	0.002571	-0.000000
1.200000	20020	0.012749	0.012381	0.000368	0.002571	-0.000000
1.225000	20034	0.012913	0.012506	0.000407	0.002571	0.000000
1.250000	20009	0.013125	0.012709	0.000416	0.002571	-0.000000
1.275000	20002	0.013221	0.012848	0.000372	0.002571	-0.000000
1.300000	20035	0.013367	0.012966	0.000401	0.002571	0.000000
1.325000	20015	0.013476	0.013055	0.000421	0.002571	-0.000000
1.350000	20032	0.013608	0.013206	0.000402	0.002571	0.000000
1.375000	20026	0.013771	0.013358	0.000413	0.002571	0.000000
1.400000	20030	0.013855	0.013436	0.000419	0.002571	0.000000
1.425000	20044	0.014006	0.013592	0.000415	0.002571	0.000001
1.450000	20027	0.014160	0.013747	0.000414	0.002571	0.000000
1.475000	20027	0.014263	0.013827	0.000436	0.002571	0.000000
1.500000	20029	0.014426	0.013989	0.000437	0.002571	0.000000
1.525000	20007	0.014491	0.014084	0.000406	0.002571	-0.000000
  CF: t=1.5250 N=20007 E=0.014491 dE=-2.031e-07
1.550000	20016	0.014651	0.014209	0.000443	0.002571	-0.000000
1.575000	20008	0.014769	0.014345	0.000424	0.002571	-0.000000
1.600000	20018	0.014927	0.014489	0.000438	0.002571	-0.000000
1.625000	20016	0.015090	0.014623	0.000467	0.002571	-0.000000
1.650000	20012	0.015194	0.014732	0.000462	0.002571	-0.000000
1.675000	20022	0.015280	0.014834	0.000445	0.002571	0.000000
1.700000	20038	0.015407	0.014945	0.000462	0.002571	0.000000
1.725000	20028	0.015529	0.015061	0.000468	0.002571	0.000000
1.750000	20028	0.015606	0.015146	0.000460	0.002571	0.000000
1.775000	20019	0.015772	0.015327	0.000445	0.002571	0.000000
1.800000	20015	0.015924	0.015447	0.000477	0.002571	-0.000000
1.825000	20018	0.015995	0.015508	0.000487	0.002571	-0.000000
1.850000	20006	0.016130	0.015638	0.000491	0.002571	-0.000000
1.875000	20039	0.016245	0.015733	0.000512	0.002571	0.000000
1.900000	20025	0.016340	0.015821	0.000519	0.002571	0.000000
1.925000	20012	0.016506	0.015982	0.000524	0.002571	-0.000000
1.950000	20017	0.016610	0.016113	0.000497	0.002571	-0.000000
1.975000	20020	0.016734	0.016197	0.000537	0.002571	0.000000
2.000000	20025	0.016824	0.016318	0.000506	0.002571	0.000000
2.025000	20010	0.016949	0.016445	0.000504	0.002571	-0.000000
  CF: t=2.0250 N=20010 E=0.016949 dE=-2.270e-07
2.050000	20012	0.017048	0.016537	0.000511	0.002571	-0.000000
2.075000	20034	0.017179	0.016687	0.000492	0.002571	0.000000
2.100000	20014	0.017295	0.016772	0.000522	0.002571	-0.000000
2.125000	20004	0.017383	0.016852	0.000531	0.002571	-0.000000
2.150000	20029	0.017544	0.017015	0.000528	0.002571	0.000000
2.175000	20002	0.017644	0.017108	0.000536	0.002571	-0.000000
2.200000	20011	0.017747	0.017208	0.000540	0.002571	-0.000000
2.225000	20032	0.017859	0.017311	0.000548	0.002571	0.000000
2.250000	20029	0.017967	0.017467	0.000500	0.002571	0.000000
2.275000	20018	0.018052	0.017528	0.000524	0.002571	-0.000000
2.300000	20018	0.018158	0.017607	0.000551	0.002571	-0.000000
2.325000	20014	0.018238	0.017711	0.000527	0.002571	-0.000000
2.350000	20006	0.018336	0.017772	0.000563	0.002571	-0.000000
2.375000	20022	0.018447	0.017921	0.000525	0.002571	0.000000
2.400000	20022	0.018596	0.018007	0.000589	0.002571	0.000000
2.425000	20006	0.018668	0.018082	0.000587	0.002571	-0.000000
2.450000	20019	0.018817	0.018276	0.000542	0.002571	0.000000
2.475000	20021	0.018907	0.018330	0.000577	0.002571	0.000000
2.500000	20011	0.019004	0.018436	0.000568	0.002571	-0.000000
2.525000	20005	0.019071	0.018521	0.000550	0.002571	-0.000000
  CF: t=2.5250 N=20005 E=0.019071 dE=-3.302e-07
2.550000	19985	0.019148	0.018568	0.000580	0.002571	-0.000001
2.575000	20027	0.019265	0.018691	0.000574	0.002571	0.000000
2.600000	20047	0.019350	0.018727	0.000622	0.002571	0.000001
2.625000	19997	0.019490	0.018935	0.000555	0.002571	-0.000001
2.650000	20006	0.019580	0.019025	0.000556	0.002571	-0.000000
2.675000	20017	0.019650	0.019006	0.000643	0.002571	-0.000000
2.700000	20046	0.019744	0.019158	0.000586	0.002571	0.000001
2.725000	19981	0.019848	0.019220	0.000628	0.002571	-0.000001
2.750000	20054	0.019980	0.019412	0.000568	0.002571	0.000001
2.775000	20026	0.020041	0.019456	0.000585	0.002571	0.000000
2.800000	20010	0.020124	0.019552	0.000572	0.002571	-0.000000
2.825000	20004	0.020242	0.019630	0.000612	0.002571	-0.000000
2.850000	20025	0.020341	0.019722	0.000619	0.002571	0.000000
2.875000	20036	0.020420	0.019752	0.000668	0.002571	0.000001
2.900000	20019	0.020511	0.019922	0.000589	0.002571	0.000000
2.925000	20035	0.020570	0.019946	0.000624	0.002571	0.000001
2.950000	20001	0.020700	0.020084	0.000616	0.002571	-0.000000
2.975000	20038	0.020736	0.020105	0.000631	0.002571	0.000001
3.000000	20027	0.020802	0.020179	0.000623	0.002571	0.000000
3.025000	20022	0.020888	0.020253	0.000634	0.002571	0.000000
  CF: t=3.0250 N=20022 E=0.020888 dE=6.337e-08
3.050000	20000	0.020981	0.020361	0.000620	0.002571	-0.000001
3.075000	20025	0.021120	0.020494	0.000626	0.002571	0.000000
3.100000	20005	0.021192	0.020580	0.000612	0.002571	-0.000000
3.125000	20017	0.021253	0.020638	0.000615	0.002571	0.000000
3.150000	20042	0.021347	0.020706	0.000642	0.002571	0.000001
3.175000	19995	0.021440	0.020793	0.000648	0.002571	-0.000001
3.200000	20035	0.021541	0.020865	0.000675	0.002571	0.000001
3.225000	20027	0.021620	0.020960	0.000660	0.002571	0.000000
3.250000	20018	0.021716	0.021077	0.000639	0.002571	0.000000
3.275000	20024	0.021756	0.021126	0.000630	0.002571	0.000000
3.300000	20023	0.021808	0.021124	0.000684	0.002571	0.000000
3.325000	20028	0.021907	0.021305	0.000602	0.002571	0.000000
3.350000	19979	0.021932	0.021279	0.000653	0.002571	-0.000001
3.375000	20026	0.022042	0.021415	0.000628	0.002571	0.000000
3.400000	20023	0.022119	0.021468	0.000651	0.002571	0.000000
3.425000	20019	0.022211	0.021566	0.000645	0.002571	0.000000
3.450000	19999	0.022285	0.021617	0.000668	0.002571	-0.000001
3.475000	19998	0.022321	0.021662	0.000660	0.002571	-0.000001
3.500000	20011	0.022424	0.021766	0.000658	0.002571	-0.000000
3.525000	20008	0.022473	0.021810	0.000663	0.002571	-0.000000
  CF: t=3.5250 N=20008 E=0.022473 dE=-2.320e-07
3.550000	20012	0.022588	0.021922	0.000665	0.002571	-0.000000
3.575000	20008	0.022645	0.021960	0.000685	0.002571	-0.000000
3.600000	20038	0.022785	0.022135	0.000650	0.002571	0.000001
3.625000	20024	0.022870	0.022173	0.000697	0.002571	0.000000
3.650000	20029	0.023029	0.022294	0.000735	0.002571	0.000000
3.675000	20007	0.023027	0.022369	0.000657	0.002571	-0.000000
3.700000	20037	0.023147	0.022440	0.000707	0.002571	0.000001
3.725000	20031	0.023248	0.022511	0.000737	0.002571	0.000001
3.750000	20050	0.023353	0.022646	0.000706	0.002571	0.000001
3.775000	20020	0.023486	0.022746	0.000740	0.002571	0.000000
3.800000	20016	0.023501	0.022758	0.000743	0.002571	0.000000
3.825000	20003	0.023625	0.022893	0.000731	0.002571	-0.000000
3.850000	20023	0.023698	0.022992	0.000706	0.002571	0.000000
3.875000	20012	0.023789	0.023087	0.000702	0.002571	-0.000000
3.900000	20033	0.023831	0.023062	0.000769	0.002571	0.000001
3.925000	20022	0.023932	0.023206	0.000726	0.002571	0.000000
3.950000	20040	0.024034	0.023254	0.000780	0.002571	0.000001
3.975000	20035	0.024091	0.023351	0.000740	0.002571	0.000001
4.000000	20021	0.024163	0.023370	0.000793	0.002571	0.000000
4.025000	20026	0.024228	0.023454	0.000773	0.002571	0.000000
  CF: t=4.0250 N=20026 E=0.024228 dE=3.864e-07
4.050000	20027	0.024264	0.023504	0.000761	0.002571	0.000000
4.075000	20033	0.024320	0.023599	0.000721	0.002571	0.000001
4.100000	20029	0.024409	0.023666	0.000743	0.002571	0.000000
4.125000	20018	0.024495	0.023759	0.000736	0.002571	0.000000
4.150000	20000	0.024513	0.023787	0.000726	0.002571	-0.000000
4.175000	20018	0.024528	0.023795	0.000734	0.002571	0.000000
4.200000	20021	0.024672	0.023934	0.000737	0.002571	0.000000
4.225000	19996	0.024711	0.023939	0.000772	0.002571	-0.000001
4.250000	20001	0.024755	0.024023	0.000732	0.002571	-0.000000
4.275000	20011	0.024847	0.024107	0.000740	0.002571	-0.000000
4.300000	19993	0.024957	0.024237	0.000719	0.002571	-0.000001
4.325000	20018	0.025016	0.024244	0.000773	0.002571	0.000000
4.350000	20024	0.025114	0.024347	0.000767	0.002571	0.000000
4.375000	20037	0.025122	0.024393	0.000729	0.002571	0.000001
4.400000	20011	0.025192	0.024450	0.000742	0.002571	-0.000000
4.425000	20016	0.025257	0.024545	0.000712	0.002571	0.000000
4.450000	20010	0.025312	0.024581	0.000731	0.002571	-0.000000
4.475000	20031	0.025460	0.024682	0.000779	0.002571	0.000001
4.500000	20018	0.025520	0.024725	0.000796	0.002571	0.000000
4.525000	20011	0.025618	0.024813	0.000805	0.002571	-0.000000
  CF: t=4.5250 N=20011 E=0.025618 dE=-2.010e-07
4.550000	20017	0.025672	0.024887	0.000785	0.002571	0.000000
4.575000	20000	0.025750	0.024938	0.000812	0.002571	-0.000001
4.600000	20021	0.025856	0.025093	0.000763	0.002571	0.000000
4.625000	20018	0.025946	0.025150	0.000796	0.002571	0.000000
4.650000	20010	0.025974	0.025170	0.000804	0.002571	-0.000000
4.675000	20015	0.026000	0.025184	0.000816	0.002571	0.000000
4.700000	20004	0.026000	0.025260	0.000740	0.002571	-0.000000
4.725000	20018	0.026082	0.025338	0.000744	0.002571	0.000000
4.750000	19989	0.026136	0.025383	0.000753	0.002571	-0.000001
4.775000	20053	0.026217	0.025434	0.000783	0.002571	0.000002
4.800000	20020	0.026332	0.025494	0.000838	0.002571	0.000000
4.825000	20017	0.026434	0.025664	0.000770	0.002571	0.000000
4.850000	20029	0.026507	0.025714	0.000793	0.002571	0.000001
4.875000	20015	0.026549	0.025730	0.000818	0.002571	0.000000
4.900000	20008	0.026698	0.025890	0.000808	0.002571	-0.000000
4.925000	20004	0.026795	0.025954	0.000841	0.002571	-0.000000
4.950000	20023	0.026889	0.026046	0.000843	0.002571	0.000000
4.975000	20017	0.026924	0.026137	0.000787	0.002571	0.000000
5.000000	19977	0.027019	0.026154	0.000865	0.002571	-0.000001
5.025000	20003	0.027047	0.026233	0.000815	0.002571	-0.000000
  CF: t=5.0250 N=20003 E=0.027047 dE=-4.891e-07
5.050000	20011	0.027109	0.026307	0.000802	0.002571	-0.000000
5.075000	20019	0.027190	0.026386	0.000804	0.002571	0.000000
5.100000	20025	0.027321	0.026484	0.000837	0.002571	0.000000
5.125000	20003	0.027414	0.026596	0.000818	0.002571	-0.000000
5.150000	20045	0.027507	0.026653	0.000853	0.002571	0.000001
5.175000	19991	0.027564	0.026755	0.000809	0.002571	-0.000001
5.200000	20033	0.027677	0.026869	0.000807	0.002571	0.000001
5.225000	19989	0.027753	0.026888	0.000865	0.002571	-0.000001
5.250000	20017	0.027785	0.026940	0.000844	0.002571	0.000000
5.275000	19998	0.027877	0.027017	0.000860	0.002571	-0.000001
5.300000	20014	0.027908	0.027097	0.000811	0.002571	-0.000000
5.325000	20003	0.028020	0.027160	0.000861	0.002571	-0.000000
5.350000	20018	0.028048	0.027184	0.000863	0.002571	0.000000
5.375000	20024	0.028090	0.027220	0.000870	0.002571	0.000000
5.400000	20014	0.028147	0.027335	0.000811	0.002571	-0.000000
5.425000	20017	0.028204	0.027350	0.000854	0.002571	0.000000
5.450000	20023	0.028245	0.027366	0.000879	0.002571	0.000000
5.475000	20009	0.028355	0.027458	0.000896	0.002571	-0.000000
5.500000	20025	0.028411	0.027523	0.000888	0.002571	0.000000
5.525000	19996	0.028514	0.027671	0.000844	0.002571	-0.000001
  CF: t=5.5250 N=19996 E=0.028514 dE=-6.329e-07
5.550000	19994	0.028530	0.027678	0.000851	0.002571	-0.000001
5.575000	20023	0.028608	0.027780	0.000828	0.002571	0.000000
5.600000	19996	0.028688	0.027853	0.000835	0.002571	-0.000001
5.625000	20006	0.028741	0.027891	0.000850	0.002571	-0.000000
5.650000	20000	0.028792	0.027935	0.000857	0.002571	-0.000001
5.675000	20016	0.028811	0.027983	0.000827	0.002571	0.000000
5.700000	19992	0.028869	0.028025	0.000844	0.002571	-0.000001
5.725000	20028	0.028947	0.028075	0.000872	0.002571	0.000001
5.750000	19993	0.029051	0.028253	0.000798	0.002571	-0.000001
5.775000	20016	0.029111	0.028235	0.000876	0.002571	0.000000
5.800000	20020	0.029150	0.028287	0.000863	0.002571	0.000000
5.825000	20028	0.029291	0.028375	0.000916	0.002571	0.000001
5.850000	20029	0.029360	0.028442	0.000918	0.002571	0.000001
5.875000	20000	0.029439	0.028548	0.000891	0.002571	-0.000001
5.900000	20025	0.029464	0.028561	0.000904	0.002571	0.000001
5.925000	20013	0.029558	0.028651	0.000907	0.002571	-0.000000
5.950000	20006	0.029624	0.028746	0.000878	0.002571	-0.000000
5.975000	19998	0.029727	0.028842	0.000885	0.002571	-0.000001
6.000000	20007	0.029748	0.028791	0.000957	0.002571	-0.000000
6.025000	20012	0.029788	0.028855	0.000932	0.002571	-0.000000
  CF: t=6.0250 N=20012 E=0.029788 dE=-4.672e-08
6.050000	20015	0.029831	0.028914	0.000917	0.002571	0.000000
6.075000	19998	0.029941	0.029059	0.000882	0.002571	-0.000001
6.100000	20010	0.029948	0.029047	0.000901	0.002571	-0.000000
6.125000	19993	0.029942	0.029055	0.000887	0.002571	-0.000001
6.150000	20017	0.030071	0.029123	0.000948	0.002571	0.000000
6.175000	20003	0.030150	0.029295	0.000855	0.002571	-0.000000
6.200000	20018	0.030225	0.029326	0.000899	0.002571	0.000000
6.225000	20014	0.030288	0.029329	0.000959	0.002571	-0.000000
6.250000	20019	0.030383	0.029444	0.000939	0.002571	0.000000
6.275000	20031	0.030485	0.029652	0.000834	0.002571	0.000001
6.300000	20026	0.030538	0.029596	0.000942	0.002571	0.000001
6.325000	20037	0.030588	0.029667	0.000921	0.002571	0.000001
6.350000	20026	0.030674	0.029653	0.001021	0.002571	0.000001
6.375000	20019	0.030726	0.029807	0.000919	0.002571	0.000000
6.400000	20024	0.030820	0.029820	0.001000	0.002571	0.000000
6.425000	20008	0.030821	0.029931	0.000889	0.002571	-0.000000
6.450000	19993	0.030909	0.029960	0.000949	0.002571	-0.000001
6.475000	20021	0.030956	0.029985	0.000971	0.002571	0.000000
6.500000	20011	0.030985	0.030003	0.000981	0.002571	-0.000000
6.525000	19998	0.031023	0.030045	0.000978	0.002571	-0.000001
  CF: t=6.5250 N=19998 E=0.031023 dE=-6.852e-07
6.550000	20033	0.031071	0.030144	0.000927	0.002571	0.000001
6.575000	20018	0.031114	0.030200	0.000915	0.002571	0.000000
6.600000	19995	0.031148	0.030244	0.000905	0.002571	-0.000001
6.625000	20013	0.031231	0.030323	0.000908	0.002571	0.000000
6.650000	20024	0.031305	0.030386	0.000919	0.002571	0.000001
6.675000	20016	0.031382	0.030423	0.000959	0.002571	0.000000
6.700000	20023	0.031412	0.030507	0.000905	0.002571	0.000001
6.725000	20010	0.031493	0.030597	0.000896	0.002571	0.000000
6.750000	19988	0.031527	0.030610	0.000917	0.002571	-0.000001
6.775000	20017	0.031587	0.030675	0.000912	0.002571	0.000000
6.800000	20029	0.031577	0.030604	0.000973	0.002571	0.000001
6.825000	20007	0.031681	0.030723	0.000958	0.002571	-0.000000
6.850000	20019	0.031699	0.030742	0.000957	0.002571	0.000000
6.875000	20003	0.031790	0.030845	0.000945	0.002571	-0.000000
6.900000	20007	0.031841	0.030874	0.000967	0.002571	-0.000000
6.925000	20021	0.031869	0.030927	0.000942	0.002571	0.000000
6.950000	20005	0.031928	0.030975	0.000953	0.002571	-0.000000
6.975000	20010	0.031989	0.031021	0.000968	0.002571	0.000000
7.000000	20014	0.032042	0.031096	0.000946	0.002571	0.000000
7.025000	19991	0.032139	0.031111	0.001029	0.002571	-0.000001
  CF: t=7.0250 N=19991 E=0.032139 dE=-9.784e-07
7.050000	20014	0.032172	0.031204	0.000968	0.002571	0.000000
7.075000	20010	0.032252	0.031219	0.001034	0.002571	0.000000
7.100000	19980	0.032347	0.031379	0.000968	0.002571	-0.000001
7.125000	20014	0.032404	0.031452	0.000952	0.002571	0.000000
7.150000	20020	0.032461	0.031472	0.000989	0.002571	0.000000
7.175000	20016	0.032582	0.031607	0.000975	0.002571	0.000000
7.200000	20027	0.032563	0.031556	0.001008	0.002571	0.000001
7.225000	20002	0.032592	0.031579	0.001013	0.002571	-0.000000
7.250000	20011	0.032669	0.031739	0.000930	0.002571	-0.000000
7.275000	20013	0.032680	0.031750	0.000930	0.002571	0.000000
7.300000	20009	0.032754	0.031767	0.000987	0.002571	-0.000000
7.325000	20023	0.032813	0.031786	0.001028	0.002571	0.000001
7.350000	20009	0.032925	0.031879	0.001046	0.002571	-0.000000
7.375000	20012	0.032947	0.031980	0.000968	0.002571	0.000000
7.400000	19994	0.033065	0.032089	0.000976	0.002571	-0.000001
7.425000	20030	0.033097	0.032131	0.000965	0.002571	0.000001
7.450000	20015	0.033177	0.032139	0.001038	0.002571	0.000000
7.475000	20025	0.033241	0.032250	0.000991	0.002571	0.000001
7.500000	20012	0.033373	0.032340	0.001033	0.002571	0.000000
7.525000	19987	0.033366	0.032304	0.001062	0.002571	-0.000001
  CF: t=7.5250 N=19987 E=0.033366 dE=-1.223e-06
7.550000	19995	0.033431	0.032405	0.001027	0.002571	-0.000001
7.575000	20016	0.033496	0.032462	0.001035	0.002571	0.000000
7.600000	20014	0.033587	0.032534	0.001053	0.002571	0.000000
7.625000	20001	0.033631	0.032638	0.000993	0.002571	-0.000000
7.650000	20006	0.033719	0.032612	0.001107	0.002571	-0.000000
7.675000	20011	0.033733	0.032700	0.001033	0.002571	0.000000
7.700000	20017	0.033770	0.032743	0.001027	0.002571	0.000000
7.725000	19995	0.033799	0.032746	0.001053	0.002571	-0.000001
7.750000	20023	0.033823	0.032763	0.001060	0.002571	0.000001
7.775000	20003	0.033932	0.032887	0.001046	0.002571	-0.000000
7.800000	19987	0.033999	0.032987	0.001012	0.002571	-0.000001
7.825000	20013	0.034060	0.033025	0.001035	0.002571	0.000000
7.850000	20005	0.034103	0.033062	0.001041	0.002571	-0.000000
7.875000	20015	0.034151	0.033068	0.001083	0.002571	0.000001
7.900000	20006	0.034207	0.033158	0.001049	0.002571	-0.000000
7.925000	19997	0.034257	0.033222	0.001034	0.002571	-0.000000
7.950000	20006	0.034326	0.033277	0.001049	0.002571	-0.000000
7.975000	20029	0.034404	0.033355	0.001049	0.002571	0.000001
8.000000	20027	0.034525	0.033425	0.001099	0.002571	0.000001
8.025000	20026	0.034591	0.033503	0.001087	0.002571	0.000001
  CF: t=8.0250 N=20026 E=0.034591 dE=8.148e-07
8.050000	20028	0.034678	0.033610	0.001068	0.002571	0.000001
8.075000	20024	0.034669	0.033592	0.001077	0.002571	0.000001
8.100000	20029	0.034778	0.033769	0.001009	0.002571	0.000001
8.125000	20018	0.034784	0.033695	0.001089	0.002571	0.000000
8.150000	20018	0.034902	0.033804	0.001098	0.002571	0.000001
8.175000	20019	0.034909	0.033830	0.001079	0.002571	0.000000
8.200000	20005	0.035021	0.033948	0.001073	0.002571	-0.000000
8.225000	19993	0.035068	0.033971	0.001097	0.002571	-0.000001
8.250000	20006	0.035126	0.034101	0.001025	0.002571	-0.000000
8.275000	20011	0.035137	0.034111	0.001026	0.002571	0.000000
8.300000	20013	0.035220	0.034179	0.001041	0.002571	0.000000
8.325000	20006	0.035249	0.034254	0.000995	0.002571	-0.000000
8.350000	20049	0.035307	0.034257	0.001050	0.002571	0.000002
8.375000	20017	0.035327	0.034288	0.001039	0.002571	0.000001
8.400000	20006	0.035347	0.034295	0.001052	0.002571	-0.000000
8.425000	20022	0.035371	0.034340	0.001030	0.002571	0.000001
8.450000	19998	0.035446	0.034351	0.001095	0.002571	-0.000001
8.475000	19971	0.035497	0.034445	0.001051	0.002571	-0.000002
8.500000	20019	0.035577	0.034465	0.001112	0.002571	0.000000
8.525000	20007	0.035682	0.034633	0.001049	0.002571	-0.000000
  CF: t=8.5250 N=20007 E=0.035682 dE=-1.048e-07
8.550000	19994	0.035788	0.034635	0.001153	0.002571	-0.000001
8.575000	20010	0.035819	0.034733	0.001086	0.002571	0.000000
8.600000	20005	0.035829	0.034786	0.001043	0.002571	-0.000000
8.625000	20056	0.035973	0.034854	0.001118	0.002571	0.000003
8.650000	20028	0.036065	0.034883	0.001182	0.002571	0.000001
8.675000	20005	0.036038	0.034997	0.001041	0.002571	-0.000000
8.700000	20011	0.036067	0.034916	0.001151	0.002571	0.000000
8.725000	20018	0.036093	0.034978	0.001116	0.002571	0.000001
8.750000	20018	0.036173	0.035083	0.001090	0.002571	0.000001
8.775000	20003	0.036230	0.035099	0.001131	0.002571	-0.000000
8.800000	20010	0.036273	0.035172	0.001101	0.002571	0.000000
8.825000	20023	0.036297	0.035173	0.001124	0.002571	0.000001
8.850000	20025	0.036343	0.035260	0.001083	0.002571	0.000001
8.875000	20021	0.036354	0.035193	0.001160	0.002571	0.000001
8.900000	20030	0.036456	0.035361	0.001095	0.002571	0.000001
8.925000	19997	0.036458	0.035385	0.001073	0.002571	-0.000001
8.950000	19999	0.036517	0.035383	0.001134	0.002571	-0.000001
8.975000	20044	0.036576	0.035484	0.001092	0.002571	0.000002
9.000000	19988	0.036618	0.035500	0.001118	0.002571	-0.000001
9.025000	20003	0.036699	0.035634	0.001066	0.002571	-0.000000
  CF: t=9.0250 N=20003 E=0.036699 dE=-2.667e-07
9.050000	20037	0.036752	0.035571	0.001181	0.002571	0.000002
9.075000	19994	0.036801	0.035671	0.001129	0.002571	-0.000001
9.100000	20004	0.036828	0.035734	0.001094	0.002571	-0.000000
9.125000	19993	0.036889	0.035716	0.001174	0.002571	-0.000001
9.150000	20014	0.036928	0.035853	0.001075	0.002571	0.000000
9.175000	20017	0.037031	0.035933	0.001098	0.002571	0.000001
9.200000	19998	0.037070	0.035960	0.001111	0.002571	-0.000001
9.225000	20009	0.037176	0.036025	0.001151	0.002571	0.000000
9.250000	20000	0.037203	0.036088	0.001115	0.002571	-0.000000
9.275000	19995	0.037162	0.036063	0.001099	0.002571	-0.000001
9.300000	19988	0.037211	0.036097	0.001114	0.002571	-0.000001
9.325000	20024	0.037308	0.036223	0.001085	0.002571	0.000001
9.350000	19995	0.037384	0.036256	0.001127	0.002571	-0.000001
9.375000	19995	0.037419	0.036272	0.001147	0.002571	-0.000001
9.400000	20022	0.037469	0.036295	0.001173	0.002571	0.000001
9.425000	19995	0.037554	0.036372	0.001182	0.002571	-0.000001
9.450000	19993	0.037527	0.036331	0.001196	0.002571	-0.000001
9.475000	19984	0.037581	0.036425	0.001156	0.002571	-0.000002
9.500000	20038	0.037616	0.036462	0.001154	0.002571	0.000002
9.525000	19989	0.037693	0.036495	0.001198	0.002571	-0.000001
  CF: t=9.5250 N=19989 E=0.037693 dE=-1.139e-06
9.550000	20037	0.037762	0.036641	0.001122	0.002571	0.000002
9.575000	20012	0.037738	0.036619	0.001120	0.002571	0.000000
9.600000	20010	0.037855	0.036743	0.001112	0.002571	0.000000
9.625000	20006	0.037921	0.036752	0.001169	0.002571	-0.000000
9.650000	20010	0.038040	0.036903	0.001137	0.002571	0.000000
9.675000	20009	0.038076	0.036889	0.001187	0.002571	-0.000000
9.700000	20025	0.038127	0.036905	0.001223	0.002571	0.000001
9.725000	20015	0.038195	0.037066	0.001129	0.002571	0.000000
9.750000	20029	0.038289	0.037066	0.001222	0.002571	0.000001
9.775000	20008	0.038376	0.037212	0.001164	0.002571	0.000000
9.800000	19998	0.038398	0.037254	0.001144	0.002571	-0.000001
9.825000	20016	0.038508	0.037331	0.001178	0.002571	0.000001
9.850000	20017	0.038560	0.037421	0.001139	0.002571	0.000000
9.875000	20001	0.038623	0.037428	0.001195	0.002571	-0.000000
9.900000	20015	0.038681	0.037528	0.001153	0.002571	0.000001
9.925000	20000	0.038712	0.037575	0.001137	0.002571	-0.000000
9.950000	20001	0.038728	0.037483	0.001245	0.002571	-0.000000
9.975000	20030	0.038773	0.037541	0.001232	0.002571	0.000001
10.000000	20014	0.038772	0.037564	0.001208	0.002571	0.000000
  CF: t=10.0000 N=20014 E=0.038772 dE=4.834e-07
Saved: marshak_wave_fc_material_temp.pdf
Saved: marshak_wave_cf_material_temp.pdf
Saved: marshak_wave_fc_radiation_temp.pdf
Saved: marshak_wave_cf_radiation_temp.pdf

============================================================
All plots saved successfully
============================================================
